# CSRF debug log
# Created: 2025-10-17 00:00:00
# Entries appended here by add_staff.php when CSRF mismatches occur.

2025-10-17 13:34:11 CSRF_MISMATCH | ip=127.0.0.1 | posted=3ab087f501b21056c6ef
2025-10-17 13:34:18 CSRF_MISMATCH | ip=127.0.0.1 | posted=3ab087f501b21056c6ef
2025-10-17 13:36:38 CSRF_MISMATCH | ip=127.0.0.1 | posted=109df0680aad49c9cede
2025-10-17 13:43:08 CSRF_MISMATCH | ip=127.0.0.1 | posted=c4323468ceeeefb8b1e5
2025-10-17 13:52:06 CSRF_MISMATCH | ip=127.0.0.1 | posted=e1226d757a0c412eb101 | session=
2025-10-17 13:53:35 CSRF_MISMATCH | ip=127.0.0.1 | posted=e1226d757a0c412eb101 | session=
2025-10-17 13:56:42 CSRF_MISMATCH | ip=127.0.0.1 | posted=e2bcb94501a2b35c753a | session= | cookie=
2025-10-17 14:00:53 TOKEN_INIT | ip=127.0.0.1 | session=7e0d6187f81d107a4c98 | have_cookie=0 | headers=["X-Powered-By: PHP\/8.2.12","Expires: Thu, 19 Nov 1981 08:52:00 GMT","Cache-Control: no-store, no-cache, must-revalidate","Pragma: no-cache","Set-Cookie: csrf_add_staff=7e0d6187f81d107a4c98c52b1686da
2025-10-17 14:02:07 TOKEN_INIT | ip=127.0.0.1 | session=7e0d6187f81d107a4c98 | have_cookie=1 | headers=["X-Powered-By: PHP\/8.2.12","Expires: Thu, 19 Nov 1981 08:52:00 GMT","Cache-Control: no-store, no-cache, must-revalidate","Pragma: no-cache"]
2025-10-17 14:04:47 TOKEN_INIT | ip=127.0.0.1 | session=7e0d6187f81d107a4c98 | have_cookie=1 | headers=["X-Powered-By: PHP\/8.2.12","Expires: Thu, 19 Nov 1981 08:52:00 GMT","Cache-Control: no-store, no-cache, must-revalidate","Pragma: no-cache"]
2025-10-17 14:05:16 TOKEN_INIT | ip=127.0.0.1 | session=7e0d6187f81d107a4c98 | have_cookie=1 | headers=["X-Powered-By: PHP\/8.2.12","Expires: Thu, 19 Nov 1981 08:52:00 GMT","Cache-Control: no-store, no-cache, must-revalidate","Pragma: no-cache"]
2025-10-17 14:05:37 TOKEN_INIT | ip=127.0.0.1 | session=7e0d6187f81d107a4c98 | have_cookie=1 | headers=["X-Powered-By: PHP\/8.2.12","Expires: Thu, 19 Nov 1981 08:52:00 GMT","Cache-Control: no-store, no-cache, must-revalidate","Pragma: no-cache"]
2025-10-17 14:06:30 TOKEN_INIT | ip=127.0.0.1 | session=7e0d6187f81d107a4c98 | have_cookie=1 | headers=["X-Powered-By: PHP\/8.2.12","Expires: Thu, 19 Nov 1981 08:52:00 GMT","Cache-Control: no-store, no-cache, must-revalidate","Pragma: no-cache"]
2025-10-17 14:07:48 TOKEN_INIT | ip=127.0.0.1 | session=7e0d6187f81d107a4c98 | have_cookie=1 | headers=["X-Powered-By: PHP\/8.2.12","Expires: Thu, 19 Nov 1981 08:52:00 GMT","Cache-Control: no-store, no-cache, must-revalidate","Pragma: no-cache"]
2025-10-17 14:08:08 TOKEN_INIT | ip=127.0.0.1 | session=7e0d6187f81d107a4c98 | have_cookie=1 | headers=["X-Powered-By: PHP\/8.2.12","Expires: Thu, 19 Nov 1981 08:52:00 GMT","Cache-Control: no-store, no-cache, must-revalidate","Pragma: no-cache"]
2025-10-17 14:08:20 TOKEN_INIT | ip=127.0.0.1 | session=7e0d6187f81d107a4c98 | have_cookie=1 | headers=["X-Powered-By: PHP\/8.2.12","Expires: Thu, 19 Nov 1981 08:52:00 GMT","Cache-Control: no-store, no-cache, must-revalidate","Pragma: no-cache"]
2025-10-17 14:09:01 TOKEN_INIT | ip=127.0.0.1 | session=7e0d6187f81d107a4c98 | have_cookie=1 | headers=["X-Powered-By: PHP\/8.2.12","Expires: Thu, 19 Nov 1981 08:52:00 GMT","Cache-Control: no-store, no-cache, must-revalidate","Pragma: no-cache"]
2025-10-17 14:09:30 TOKEN_INIT | ip=127.0.0.1 | session=7e0d6187f81d107a4c98 | have_cookie=1 | headers=["X-Powered-By: PHP\/8.2.12","Expires: Thu, 19 Nov 1981 08:52:00 GMT","Cache-Control: no-store, no-cache, must-revalidate","Pragma: no-cache"]
2025-10-17 14:10:09 TOKEN_INIT | ip=127.0.0.1 | session=7e0d6187f81d107a4c98 | have_cookie=1 | headers=["X-Powered-By: PHP\/8.2.12","Expires: Thu, 19 Nov 1981 08:52:00 GMT","Cache-Control: no-store, no-cache, must-revalidate","Pragma: no-cache"]
2025-10-17 14:10:58 TOKEN_INIT | ip=127.0.0.1 | session=698a0343544b7195e529 | have_cookie=0 | headers=["X-Powered-By: PHP\/8.2.12","Expires: Thu, 19 Nov 1981 08:52:00 GMT","Cache-Control: no-store, no-cache, must-revalidate","Pragma: no-cache","Set-Cookie: csrf_add_staff=698a0343544b7195e52962316a83ff
2025-10-17 14:11:02 TOKEN_INIT | ip=127.0.0.1 | session=698a0343544b7195e529 | have_cookie=1 | headers=["X-Powered-By: PHP\/8.2.12","Expires: Thu, 19 Nov 1981 08:52:00 GMT","Cache-Control: no-store, no-cache, must-revalidate","Pragma: no-cache"]
2025-10-17 14:12:15 TOKEN_INIT | ip=127.0.0.1 | session=698a0343544b7195e529 | have_cookie=1 | headers=["X-Powered-By: PHP\/8.2.12","Expires: Thu, 19 Nov 1981 08:52:00 GMT","Cache-Control: no-store, no-cache, must-revalidate","Pragma: no-cache"]
2025-10-17 14:21:19 TOKEN_INIT | ip=127.0.0.1 | session=7e0d6187f81d107a4c98 | have_cookie=1 | headers=["X-Powered-By: PHP\/8.2.12","Expires: Thu, 19 Nov 1981 08:52:00 GMT","Cache-Control: no-store, no-cache, must-revalidate","Pragma: no-cache"]
2025-10-17 14:21:32 TOKEN_INIT | ip=127.0.0.1 | session=698a0343544b7195e529 | have_cookie=1 | headers=["X-Powered-By: PHP\/8.2.12","Expires: Thu, 19 Nov 1981 08:52:00 GMT","Cache-Control: no-store, no-cache, must-revalidate","Pragma: no-cache"]
2025-10-19 00:16:28 TOKEN_INIT | ip=::1 | session=69208b73e550f8be12ae | have_cookie=1 | headers=["X-Powered-By: PHP\/8.2.12","Expires: Thu, 19 Nov 1981 08:52:00 GMT","Cache-Control: no-store, no-cache, must-revalidate","Pragma: no-cache","Set-Cookie: csrf_add_staff=69208b73e550f8be12ae4042043b71
2025-10-19 00:16:42 TOKEN_INIT | ip=::1 | session=69208b73e550f8be12ae | have_cookie=1 | headers=["X-Powered-By: PHP\/8.2.12","Expires: Thu, 19 Nov 1981 08:52:00 GMT","Cache-Control: no-store, no-cache, must-revalidate","Pragma: no-cache"]
2025-10-19 00:17:16 TOKEN_INIT | ip=::1 | session=69208b73e550f8be12ae | have_cookie=1 | headers=["X-Powered-By: PHP\/8.2.12","Expires: Thu, 19 Nov 1981 08:52:00 GMT","Cache-Control: no-store, no-cache, must-revalidate","Pragma: no-cache"]
2025-10-19 00:19:51 TOKEN_INIT | ip=::1 | session=69208b73e550f8be12ae | have_cookie=1 | headers=["X-Powered-By: PHP\/8.2.12","Expires: Thu, 19 Nov 1981 08:52:00 GMT","Cache-Control: no-store, no-cache, must-revalidate","Pragma: no-cache"]
2025-10-19 00:31:23 TOKEN_INIT | ip=::1 | session=69208b73e550f8be12ae | have_cookie=1 | headers=["X-Powered-By: PHP\/8.2.12","Expires: Thu, 19 Nov 1981 08:52:00 GMT","Cache-Control: no-store, no-cache, must-revalidate","Pragma: no-cache"]
2025-10-19 00:38:47 TOKEN_INIT | ip=::1 | session=69208b73e550f8be12ae | have_cookie=1 | headers=["X-Powered-By: PHP\/8.2.12","Expires: Thu, 19 Nov 1981 08:52:00 GMT","Cache-Control: no-store, no-cache, must-revalidate","Pragma: no-cache"]
2025-10-19 00:40:19 TOKEN_INIT | ip=::1 | session=69208b73e550f8be12ae | have_cookie=1 | headers=["X-Powered-By: PHP\/8.2.12","Expires: Thu, 19 Nov 1981 08:52:00 GMT","Cache-Control: no-store, no-cache, must-revalidate","Pragma: no-cache"]
2025-10-19 00:41:41 TOKEN_INIT | ip=::1 | session=69208b73e550f8be12ae | have_cookie=1 | headers=["X-Powered-By: PHP\/8.2.12","Expires: Thu, 19 Nov 1981 08:52:00 GMT","Cache-Control: no-store, no-cache, must-revalidate","Pragma: no-cache"]
2025-10-19 00:45:47 TOKEN_INIT | ip=::1 | session=69208b73e550f8be12ae | have_cookie=1 | headers=["X-Powered-By: PHP\/8.2.12","Expires: Thu, 19 Nov 1981 08:52:00 GMT","Cache-Control: no-store, no-cache, must-revalidate","Pragma: no-cache"]
2025-10-19 00:47:10 TOKEN_INIT | ip=::1 | session=69208b73e550f8be12ae | have_cookie=1 | headers=["X-Powered-By: PHP\/8.2.12","Expires: Thu, 19 Nov 1981 08:52:00 GMT","Cache-Control: no-store, no-cache, must-revalidate","Pragma: no-cache"]
2025-10-19 00:47:30 TOKEN_INIT | ip=::1 | session=69208b73e550f8be12ae | have_cookie=1 | headers=["X-Powered-By: PHP\/8.2.12","Expires: Thu, 19 Nov 1981 08:52:00 GMT","Cache-Control: no-store, no-cache, must-revalidate","Pragma: no-cache"]
2025-10-19 00:47:33 TOKEN_INIT | ip=::1 | session=69208b73e550f8be12ae | have_cookie=1 | headers=["X-Powered-By: PHP\/8.2.12","Expires: Thu, 19 Nov 1981 08:52:00 GMT","Cache-Control: no-store, no-cache, must-revalidate","Pragma: no-cache"]
2025-10-19 00:48:42 TOKEN_INIT | ip=::1 | session=69208b73e550f8be12ae | have_cookie=1 | headers=["X-Powered-By: PHP\/8.2.12","Expires: Thu, 19 Nov 1981 08:52:00 GMT","Cache-Control: no-store, no-cache, must-revalidate","Pragma: no-cache"]
2025-10-19 00:49:10 TOKEN_INIT | ip=::1 | session=69208b73e550f8be12ae | have_cookie=1 | headers=["X-Powered-By: PHP\/8.2.12","Expires: Thu, 19 Nov 1981 08:52:00 GMT","Cache-Control: no-store, no-cache, must-revalidate","Pragma: no-cache"]
2025-10-19 00:49:13 TOKEN_INIT | ip=::1 | session=69208b73e550f8be12ae | have_cookie=1 | headers=["X-Powered-By: PHP\/8.2.12","Expires: Thu, 19 Nov 1981 08:52:00 GMT","Cache-Control: no-store, no-cache, must-revalidate","Pragma: no-cache"]
2025-10-19 00:49:16 TOKEN_INIT | ip=::1 | session=69208b73e550f8be12ae | have_cookie=1 | headers=["X-Powered-By: PHP\/8.2.12","Expires: Thu, 19 Nov 1981 08:52:00 GMT","Cache-Control: no-store, no-cache, must-revalidate","Pragma: no-cache"]
2025-10-19 00:51:52 TOKEN_INIT | ip=::1 | session=69208b73e550f8be12ae | have_cookie=1 | headers=["X-Powered-By: PHP\/8.2.12","Expires: Thu, 19 Nov 1981 08:52:00 GMT","Cache-Control: no-store, no-cache, must-revalidate","Pragma: no-cache"]
2025-10-19 01:04:20 TOKEN_INIT | ip=::1 | session=69208b73e550f8be12ae | have_cookie=1 | headers=["X-Powered-By: PHP\/8.2.12","Expires: Thu, 19 Nov 1981 08:52:00 GMT","Cache-Control: no-store, no-cache, must-revalidate","Pragma: no-cache"]
2025-10-19 07:27:27 TOKEN_INIT | ip=::1 | session=69208b73e550f8be12ae | have_cookie=1 | headers=["X-Powered-By: PHP\/8.2.12","Expires: Thu, 19 Nov 1981 08:52:00 GMT","Cache-Control: no-store, no-cache, must-revalidate","Pragma: no-cache"]
2025-10-19 07:29:34 TOKEN_INIT | ip=::1 | session=69208b73e550f8be12ae | have_cookie=1 | headers=["X-Powered-By: PHP\/8.2.12","Expires: Thu, 19 Nov 1981 08:52:00 GMT","Cache-Control: no-store, no-cache, must-revalidate","Pragma: no-cache"]
2025-10-19 07:30:54 TOKEN_INIT | ip=::1 | session=69208b73e550f8be12ae | have_cookie=1 | headers=["X-Powered-By: PHP\/8.2.12","Expires: Thu, 19 Nov 1981 08:52:00 GMT","Cache-Control: no-store, no-cache, must-revalidate","Pragma: no-cache"]
2025-10-19 07:31:16 TOKEN_INIT | ip=::1 | session=69208b73e550f8be12ae | have_cookie=1 | headers=["X-Powered-By: PHP\/8.2.12","Expires: Thu, 19 Nov 1981 08:52:00 GMT","Cache-Control: no-store, no-cache, must-revalidate","Pragma: no-cache"]
2025-10-19 07:31:31 TOKEN_INIT | ip=::1 | session=69208b73e550f8be12ae | have_cookie=1 | headers=["X-Powered-By: PHP\/8.2.12","Expires: Thu, 19 Nov 1981 08:52:00 GMT","Cache-Control: no-store, no-cache, must-revalidate","Pragma: no-cache"]
2025-10-19 07:32:12 TOKEN_INIT | ip=::1 | session=69208b73e550f8be12ae | have_cookie=1 | headers=["X-Powered-By: PHP\/8.2.12","Expires: Thu, 19 Nov 1981 08:52:00 GMT","Cache-Control: no-store, no-cache, must-revalidate","Pragma: no-cache"]
2025-10-19 07:34:22 TOKEN_INIT | ip=::1 | session=69208b73e550f8be12ae | have_cookie=1 | headers=["X-Powered-By: PHP\/8.2.12","Expires: Thu, 19 Nov 1981 08:52:00 GMT","Cache-Control: no-store, no-cache, must-revalidate","Pragma: no-cache"]
2025-10-19 07:35:09 TOKEN_INIT | ip=::1 | session=69208b73e550f8be12ae | have_cookie=1 | headers=["X-Powered-By: PHP\/8.2.12","Expires: Thu, 19 Nov 1981 08:52:00 GMT","Cache-Control: no-store, no-cache, must-revalidate","Pragma: no-cache"]
2025-10-19 07:39:13 TOKEN_INIT | ip=::1 | session=69208b73e550f8be12ae | have_cookie=1 | headers=["X-Powered-By: PHP\/8.2.12","Expires: Thu, 19 Nov 1981 08:52:00 GMT","Cache-Control: no-store, no-cache, must-revalidate","Pragma: no-cache"]
2025-10-19 07:40:16 TOKEN_INIT | ip=::1 | session=69208b73e550f8be12ae | have_cookie=1 | headers=["X-Powered-By: PHP\/8.2.12","Expires: Thu, 19 Nov 1981 08:52:00 GMT","Cache-Control: no-store, no-cache, must-revalidate","Pragma: no-cache"]
2025-10-19 07:40:26 TOKEN_INIT | ip=::1 | session=69208b73e550f8be12ae | have_cookie=1 | headers=["X-Powered-By: PHP\/8.2.12","Expires: Thu, 19 Nov 1981 08:52:00 GMT","Cache-Control: no-store, no-cache, must-revalidate","Pragma: no-cache"]
2025-10-19 07:42:46 TOKEN_INIT | ip=::1 | session=69208b73e550f8be12ae | have_cookie=1 | headers=["X-Powered-By: PHP\/8.2.12","Expires: Thu, 19 Nov 1981 08:52:00 GMT","Cache-Control: no-store, no-cache, must-revalidate","Pragma: no-cache"]
2025-10-19 07:43:42 TOKEN_INIT | ip=::1 | session=69208b73e550f8be12ae | have_cookie=1 | headers=["X-Powered-By: PHP\/8.2.12","Expires: Thu, 19 Nov 1981 08:52:00 GMT","Cache-Control: no-store, no-cache, must-revalidate","Pragma: no-cache"]
2025-10-19 07:44:05 TOKEN_INIT | ip=::1 | session=69208b73e550f8be12ae | have_cookie=1 | headers=["X-Powered-By: PHP\/8.2.12","Expires: Thu, 19 Nov 1981 08:52:00 GMT","Cache-Control: no-store, no-cache, must-revalidate","Pragma: no-cache"]
2025-10-19 07:44:44 TOKEN_INIT | ip=::1 | session=69208b73e550f8be12ae | have_cookie=1 | headers=["X-Powered-By: PHP\/8.2.12","Expires: Thu, 19 Nov 1981 08:52:00 GMT","Cache-Control: no-store, no-cache, must-revalidate","Pragma: no-cache"]
2025-10-19 07:52:41 TOKEN_INIT | ip=::1 | session=cc2184a939893b0db741 | have_cookie=0 | headers=["X-Powered-By: PHP\/8.2.12","Expires: Thu, 19 Nov 1981 08:52:00 GMT","Cache-Control: no-store, no-cache, must-revalidate","Pragma: no-cache","Set-Cookie: csrf_add_staff=cc2184a939893b0db741fd5fa51119
2025-10-19 07:53:17 TOKEN_INIT | ip=::1 | session=cc2184a939893b0db741 | have_cookie=1 | headers=["X-Powered-By: PHP\/8.2.12","Expires: Thu, 19 Nov 1981 08:52:00 GMT","Cache-Control: no-store, no-cache, must-revalidate","Pragma: no-cache"]
2025-10-19 07:55:17 TOKEN_INIT | ip=::1 | session=cc2184a939893b0db741 | have_cookie=1 | headers=["X-Powered-By: PHP\/8.2.12","Expires: Thu, 19 Nov 1981 08:52:00 GMT","Cache-Control: no-store, no-cache, must-revalidate","Pragma: no-cache"]
2025-10-19 07:57:14 TOKEN_INIT | ip=::1 | session=cc2184a939893b0db741 | have_cookie=1 | headers=["X-Powered-By: PHP\/8.2.12","Expires: Thu, 19 Nov 1981 08:52:00 GMT","Cache-Control: no-store, no-cache, must-revalidate","Pragma: no-cache"]
2025-10-19 07:57:46 TOKEN_INIT | ip=::1 | session=cc2184a939893b0db741 | have_cookie=1 | headers=["X-Powered-By: PHP\/8.2.12","Expires: Thu, 19 Nov 1981 08:52:00 GMT","Cache-Control: no-store, no-cache, must-revalidate","Pragma: no-cache"]
2025-10-19 07:58:08 TOKEN_INIT | ip=::1 | session=cc2184a939893b0db741 | have_cookie=1 | headers=["X-Powered-By: PHP\/8.2.12","Expires: Thu, 19 Nov 1981 08:52:00 GMT","Cache-Control: no-store, no-cache, must-revalidate","Pragma: no-cache"]
2025-10-19 07:58:31 TOKEN_INIT | ip=::1 | session=cc2184a939893b0db741 | have_cookie=1 | headers=["X-Powered-By: PHP\/8.2.12","Expires: Thu, 19 Nov 1981 08:52:00 GMT","Cache-Control: no-store, no-cache, must-revalidate","Pragma: no-cache"]
2025-10-19 08:00:20 TOKEN_INIT | ip=::1 | session=cc2184a939893b0db741 | have_cookie=1 | headers=["X-Powered-By: PHP\/8.2.12","Expires: Thu, 19 Nov 1981 08:52:00 GMT","Cache-Control: no-store, no-cache, must-revalidate","Pragma: no-cache"]
2025-10-19 08:00:52 TOKEN_INIT | ip=::1 | session=cc2184a939893b0db741 | have_cookie=1 | headers=["X-Powered-By: PHP\/8.2.12","Expires: Thu, 19 Nov 1981 08:52:00 GMT","Cache-Control: no-store, no-cache, must-revalidate","Pragma: no-cache"]
2025-10-19 08:01:22 TOKEN_INIT | ip=::1 | session=cc2184a939893b0db741 | have_cookie=1 | headers=["X-Powered-By: PHP\/8.2.12","Expires: Thu, 19 Nov 1981 08:52:00 GMT","Cache-Control: no-store, no-cache, must-revalidate","Pragma: no-cache"]
2025-10-19 08:01:24 TOKEN_INIT | ip=::1 | session=cc2184a939893b0db741 | have_cookie=1 | headers=["X-Powered-By: PHP\/8.2.12","Expires: Thu, 19 Nov 1981 08:52:00 GMT","Cache-Control: no-store, no-cache, must-revalidate","Pragma: no-cache"]
2025-10-19 08:04:55 TOKEN_INIT | ip=::1 | session=cc2184a939893b0db741 | have_cookie=1 | headers=["X-Powered-By: PHP\/8.2.12","Expires: Thu, 19 Nov 1981 08:52:00 GMT","Cache-Control: no-store, no-cache, must-revalidate","Pragma: no-cache"]
2025-10-19 08:06:40 TOKEN_INIT | ip=::1 | session=cc2184a939893b0db741 | have_cookie=1 | headers=["X-Powered-By: PHP\/8.2.12","Expires: Thu, 19 Nov 1981 08:52:00 GMT","Cache-Control: no-store, no-cache, must-revalidate","Pragma: no-cache"]
2025-10-19 08:11:05 TOKEN_INIT | ip=::1 | session=cc2184a939893b0db741 | have_cookie=1 | headers=["X-Powered-By: PHP\/8.2.12","Expires: Thu, 19 Nov 1981 08:52:00 GMT","Cache-Control: no-store, no-cache, must-revalidate","Pragma: no-cache"]
2025-10-19 08:11:46 TOKEN_INIT | ip=::1 | session=cc2184a939893b0db741 | have_cookie=1 | headers=["X-Powered-By: PHP\/8.2.12","Expires: Thu, 19 Nov 1981 08:52:00 GMT","Cache-Control: no-store, no-cache, must-revalidate","Pragma: no-cache"]
2025-10-19 08:12:09 TOKEN_INIT | ip=::1 | session=cc2184a939893b0db741 | have_cookie=1 | headers=["X-Powered-By: PHP\/8.2.12","Expires: Thu, 19 Nov 1981 08:52:00 GMT","Cache-Control: no-store, no-cache, must-revalidate","Pragma: no-cache"]
2025-10-19 08:16:01 TOKEN_INIT | ip=::1 | session=cc2184a939893b0db741 | have_cookie=1 | headers=["X-Powered-By: PHP\/8.2.12","Expires: Thu, 19 Nov 1981 08:52:00 GMT","Cache-Control: no-store, no-cache, must-revalidate","Pragma: no-cache"]
2025-10-19 08:17:48 TOKEN_INIT | ip=::1 | session=cc2184a939893b0db741 | have_cookie=1 | headers=["X-Powered-By: PHP\/8.2.12","Expires: Thu, 19 Nov 1981 08:52:00 GMT","Cache-Control: no-store, no-cache, must-revalidate","Pragma: no-cache"]
2025-10-19 08:18:28 TOKEN_INIT | ip=::1 | session=cc2184a939893b0db741 | have_cookie=1 | headers=["X-Powered-By: PHP\/8.2.12","Expires: Thu, 19 Nov 1981 08:52:00 GMT","Cache-Control: no-store, no-cache, must-revalidate","Pragma: no-cache"]
2025-10-19 08:24:59 TOKEN_INIT | ip=::1 | session=cc2184a939893b0db741 | have_cookie=1 | headers=["X-Powered-By: PHP\/8.2.12","Expires: Thu, 19 Nov 1981 08:52:00 GMT","Cache-Control: no-store, no-cache, must-revalidate","Pragma: no-cache"]
2025-10-19 08:27:57 TOKEN_INIT | ip=::1 | session=cc2184a939893b0db741 | have_cookie=1 | headers=["X-Powered-By: PHP\/8.2.12","Expires: Thu, 19 Nov 1981 08:52:00 GMT","Cache-Control: no-store, no-cache, must-revalidate","Pragma: no-cache"]
2025-10-19 08:30:48 TOKEN_INIT | ip=::1 | session=cc2184a939893b0db741 | have_cookie=1 | headers=["X-Powered-By: PHP\/8.2.12","Expires: Thu, 19 Nov 1981 08:52:00 GMT","Cache-Control: no-store, no-cache, must-revalidate","Pragma: no-cache"]
2025-10-19 08:35:41 TOKEN_INIT | ip=::1 | session=cc2184a939893b0db741 | have_cookie=1 | headers=["X-Powered-By: PHP\/8.2.12","Expires: Thu, 19 Nov 1981 08:52:00 GMT","Cache-Control: no-store, no-cache, must-revalidate","Pragma: no-cache"]
2025-10-19 08:38:14 TOKEN_INIT | ip=::1 | session=cc2184a939893b0db741 | have_cookie=1 | headers=["X-Powered-By: PHP\/8.2.12","Expires: Thu, 19 Nov 1981 08:52:00 GMT","Cache-Control: no-store, no-cache, must-revalidate","Pragma: no-cache"]
2025-10-19 08:41:23 TOKEN_INIT | ip=::1 | session=cc2184a939893b0db741 | have_cookie=1 | headers=["X-Powered-By: PHP\/8.2.12","Expires: Thu, 19 Nov 1981 08:52:00 GMT","Cache-Control: no-store, no-cache, must-revalidate","Pragma: no-cache"]
2025-10-19 08:42:21 TOKEN_INIT | ip=::1 | session=cc2184a939893b0db741 | have_cookie=1 | headers=["X-Powered-By: PHP\/8.2.12","Expires: Thu, 19 Nov 1981 08:52:00 GMT","Cache-Control: no-store, no-cache, must-revalidate","Pragma: no-cache"]
2025-10-19 08:43:15 TOKEN_INIT | ip=::1 | session=cc2184a939893b0db741 | have_cookie=1 | headers=["X-Powered-By: PHP\/8.2.12","Expires: Thu, 19 Nov 1981 08:52:00 GMT","Cache-Control: no-store, no-cache, must-revalidate","Pragma: no-cache"]
2025-10-19 08:43:32 TOKEN_INIT | ip=::1 | session=cc2184a939893b0db741 | have_cookie=1 | headers=["X-Powered-By: PHP\/8.2.12","Expires: Thu, 19 Nov 1981 08:52:00 GMT","Cache-Control: no-store, no-cache, must-revalidate","Pragma: no-cache"]
2025-10-19 08:46:17 TOKEN_INIT | ip=::1 | session=cc2184a939893b0db741 | have_cookie=1 | headers=["X-Powered-By: PHP\/8.2.12","Expires: Thu, 19 Nov 1981 08:52:00 GMT","Cache-Control: no-store, no-cache, must-revalidate","Pragma: no-cache"]
2025-10-19 08:52:14 TOKEN_INIT | ip=::1 | session=cc2184a939893b0db741 | have_cookie=1 | headers=["X-Powered-By: PHP\/8.2.12","Expires: Thu, 19 Nov 1981 08:52:00 GMT","Cache-Control: no-store, no-cache, must-revalidate","Pragma: no-cache"]
2025-10-19 10:30:22 TOKEN_INIT | ip=::1 | session=9d68f92ef84df2e2af02 | have_cookie=0 | headers=["X-Powered-By: PHP\/8.2.12","Expires: Thu, 19 Nov 1981 08:52:00 GMT","Cache-Control: no-store, no-cache, must-revalidate","Pragma: no-cache","Set-Cookie: csrf_add_staff=9d68f92ef84df2e2af02a59de808eb
2025-10-19 10:38:53 TOKEN_INIT | ip=::1 | session=9d68f92ef84df2e2af02 | have_cookie=1 | headers=["X-Powered-By: PHP\/8.2.12","Expires: Thu, 19 Nov 1981 08:52:00 GMT","Cache-Control: no-store, no-cache, must-revalidate","Pragma: no-cache"]
2025-10-19 10:51:41 TOKEN_INIT | ip=::1 | session=9d68f92ef84df2e2af02 | have_cookie=1 | headers=["X-Powered-By: PHP\/8.2.12","Expires: Thu, 19 Nov 1981 08:52:00 GMT","Cache-Control: no-store, no-cache, must-revalidate","Pragma: no-cache"]
2025-10-19 10:58:51 TOKEN_INIT | ip=::1 | session=9d68f92ef84df2e2af02 | have_cookie=1 | headers=["X-Powered-By: PHP\/8.2.12","Expires: Thu, 19 Nov 1981 08:52:00 GMT","Cache-Control: no-store, no-cache, must-revalidate","Pragma: no-cache"]
2025-10-19 11:00:04 TOKEN_INIT | ip=::1 | session=9d68f92ef84df2e2af02 | have_cookie=1 | headers=["X-Powered-By: PHP\/8.2.12","Expires: Thu, 19 Nov 1981 08:52:00 GMT","Cache-Control: no-store, no-cache, must-revalidate","Pragma: no-cache"]
2025-10-19 11:06:04 TOKEN_INIT | ip=::1 | session=9d68f92ef84df2e2af02 | have_cookie=1 | headers=["X-Powered-By: PHP\/8.2.12","Expires: Thu, 19 Nov 1981 08:52:00 GMT","Cache-Control: no-store, no-cache, must-revalidate","Pragma: no-cache"]
2025-10-19 11:07:07 TOKEN_INIT | ip=::1 | session=9d68f92ef84df2e2af02 | have_cookie=1 | headers=["X-Powered-By: PHP\/8.2.12","Expires: Thu, 19 Nov 1981 08:52:00 GMT","Cache-Control: no-store, no-cache, must-revalidate","Pragma: no-cache"]
2025-10-19 11:08:40 TOKEN_INIT | ip=::1 | session=9d68f92ef84df2e2af02 | have_cookie=1 | headers=["X-Powered-By: PHP\/8.2.12","Expires: Thu, 19 Nov 1981 08:52:00 GMT","Cache-Control: no-store, no-cache, must-revalidate","Pragma: no-cache"]
2025-10-19 11:09:06 TOKEN_INIT | ip=::1 | session=9d68f92ef84df2e2af02 | have_cookie=1 | headers=["X-Powered-By: PHP\/8.2.12","Expires: Thu, 19 Nov 1981 08:52:00 GMT","Cache-Control: no-store, no-cache, must-revalidate","Pragma: no-cache"]
2025-10-19 11:09:17 TOKEN_INIT | ip=::1 | session=9d68f92ef84df2e2af02 | have_cookie=1 | headers=["X-Powered-By: PHP\/8.2.12","Expires: Thu, 19 Nov 1981 08:52:00 GMT","Cache-Control: no-store, no-cache, must-revalidate","Pragma: no-cache"]
2025-10-19 11:15:09 TOKEN_INIT | ip=::1 | session=9d68f92ef84df2e2af02 | have_cookie=1 | headers=["X-Powered-By: PHP\/8.2.12","Expires: Thu, 19 Nov 1981 08:52:00 GMT","Cache-Control: no-store, no-cache, must-revalidate","Pragma: no-cache"]
2025-10-19 11:15:31 TOKEN_INIT | ip=::1 | session=9d68f92ef84df2e2af02 | have_cookie=1 | headers=["X-Powered-By: PHP\/8.2.12","Expires: Thu, 19 Nov 1981 08:52:00 GMT","Cache-Control: no-store, no-cache, must-revalidate","Pragma: no-cache"]
2025-10-19 11:16:00 TOKEN_INIT | ip=::1 | session=9d68f92ef84df2e2af02 | have_cookie=1 | headers=["X-Powered-By: PHP\/8.2.12","Expires: Thu, 19 Nov 1981 08:52:00 GMT","Cache-Control: no-store, no-cache, must-revalidate","Pragma: no-cache"]
2025-10-19 11:16:30 TOKEN_INIT | ip=::1 | session=9d68f92ef84df2e2af02 | have_cookie=1 | headers=["X-Powered-By: PHP\/8.2.12","Expires: Thu, 19 Nov 1981 08:52:00 GMT","Cache-Control: no-store, no-cache, must-revalidate","Pragma: no-cache"]
2025-10-19 11:16:55 TOKEN_INIT | ip=::1 | session=9d68f92ef84df2e2af02 | have_cookie=1 | headers=["X-Powered-By: PHP\/8.2.12","Expires: Thu, 19 Nov 1981 08:52:00 GMT","Cache-Control: no-store, no-cache, must-revalidate","Pragma: no-cache"]
2025-10-19 11:17:09 TOKEN_INIT | ip=::1 | session=9d68f92ef84df2e2af02 | have_cookie=1 | headers=["X-Powered-By: PHP\/8.2.12","Expires: Thu, 19 Nov 1981 08:52:00 GMT","Cache-Control: no-store, no-cache, must-revalidate","Pragma: no-cache"]
2025-10-19 11:19:18 TOKEN_INIT | ip=::1 | session=9d68f92ef84df2e2af02 | have_cookie=1 | headers=["X-Powered-By: PHP\/8.2.12","Expires: Thu, 19 Nov 1981 08:52:00 GMT","Cache-Control: no-store, no-cache, must-revalidate","Pragma: no-cache"]
2025-10-19 11:24:30 TOKEN_INIT | ip=::1 | session=9d68f92ef84df2e2af02 | have_cookie=1 | headers=["X-Powered-By: PHP\/8.2.12","Expires: Thu, 19 Nov 1981 08:52:00 GMT","Cache-Control: no-store, no-cache, must-revalidate","Pragma: no-cache"]
2025-10-19 11:24:50 TOKEN_INIT | ip=::1 | session=9d68f92ef84df2e2af02 | have_cookie=1 | headers=["X-Powered-By: PHP\/8.2.12","Expires: Thu, 19 Nov 1981 08:52:00 GMT","Cache-Control: no-store, no-cache, must-revalidate","Pragma: no-cache"]
2025-10-19 11:26:07 TOKEN_INIT | ip=::1 | session=9d68f92ef84df2e2af02 | have_cookie=1 | headers=["X-Powered-By: PHP\/8.2.12","Expires: Thu, 19 Nov 1981 08:52:00 GMT","Cache-Control: no-store, no-cache, must-revalidate","Pragma: no-cache"]
2025-10-19 11:26:21 TOKEN_INIT | ip=::1 | session=9d68f92ef84df2e2af02 | have_cookie=1 | headers=["X-Powered-By: PHP\/8.2.12","Expires: Thu, 19 Nov 1981 08:52:00 GMT","Cache-Control: no-store, no-cache, must-revalidate","Pragma: no-cache"]
2025-10-19 11:31:28 TOKEN_INIT | ip=::1 | session=9d68f92ef84df2e2af02 | have_cookie=1 | headers=["X-Powered-By: PHP\/8.2.12","Expires: Thu, 19 Nov 1981 08:52:00 GMT","Cache-Control: no-store, no-cache, must-revalidate","Pragma: no-cache"]
2025-10-19 11:42:51 TOKEN_INIT | ip=::1 | session=9d68f92ef84df2e2af02 | have_cookie=1 | headers=["X-Powered-By: PHP\/8.2.12","Expires: Thu, 19 Nov 1981 08:52:00 GMT","Cache-Control: no-store, no-cache, must-revalidate","Pragma: no-cache"]
2025-10-19 11:44:52 TOKEN_INIT | ip=::1 | session=9d68f92ef84df2e2af02 | have_cookie=1 | headers=["X-Powered-By: PHP\/8.2.12","Expires: Thu, 19 Nov 1981 08:52:00 GMT","Cache-Control: no-store, no-cache, must-revalidate","Pragma: no-cache"]
2025-10-19 11:47:41 TOKEN_INIT | ip=::1 | session=9d68f92ef84df2e2af02 | have_cookie=1 | headers=["X-Powered-By: PHP\/8.2.12","Expires: Thu, 19 Nov 1981 08:52:00 GMT","Cache-Control: no-store, no-cache, must-revalidate","Pragma: no-cache"]
2025-10-19 11:50:15 TOKEN_INIT | ip=::1 | session=9d68f92ef84df2e2af02 | have_cookie=1 | headers=["X-Powered-By: PHP\/8.2.12","Expires: Thu, 19 Nov 1981 08:52:00 GMT","Cache-Control: no-store, no-cache, must-revalidate","Pragma: no-cache"]
2025-10-19 11:52:08 TOKEN_INIT | ip=::1 | session=9d68f92ef84df2e2af02 | have_cookie=1 | headers=["X-Powered-By: PHP\/8.2.12","Expires: Thu, 19 Nov 1981 08:52:00 GMT","Cache-Control: no-store, no-cache, must-revalidate","Pragma: no-cache"]
2025-10-19 11:52:20 TOKEN_INIT | ip=::1 | session=9d68f92ef84df2e2af02 | have_cookie=1 | headers=["X-Powered-By: PHP\/8.2.12","Expires: Thu, 19 Nov 1981 08:52:00 GMT","Cache-Control: no-store, no-cache, must-revalidate","Pragma: no-cache"]
2025-10-19 11:52:48 TOKEN_INIT | ip=::1 | session=9d68f92ef84df2e2af02 | have_cookie=1 | headers=["X-Powered-By: PHP\/8.2.12","Expires: Thu, 19 Nov 1981 08:52:00 GMT","Cache-Control: no-store, no-cache, must-revalidate","Pragma: no-cache"]
2025-10-19 11:53:15 TOKEN_INIT | ip=::1 | session=9d68f92ef84df2e2af02 | have_cookie=1 | headers=["X-Powered-By: PHP\/8.2.12","Expires: Thu, 19 Nov 1981 08:52:00 GMT","Cache-Control: no-store, no-cache, must-revalidate","Pragma: no-cache"]
2025-10-19 11:53:23 TOKEN_INIT | ip=::1 | session=9d68f92ef84df2e2af02 | have_cookie=1 | headers=["X-Powered-By: PHP\/8.2.12","Expires: Thu, 19 Nov 1981 08:52:00 GMT","Cache-Control: no-store, no-cache, must-revalidate","Pragma: no-cache"]
2025-10-19 12:00:27 TOKEN_INIT | ip=::1 | session=9d68f92ef84df2e2af02 | have_cookie=1 | headers=["X-Powered-By: PHP\/8.2.12","Expires: Thu, 19 Nov 1981 08:52:00 GMT","Cache-Control: no-store, no-cache, must-revalidate","Pragma: no-cache"]
2025-10-19 12:00:52 TOKEN_INIT | ip=::1 | session=9d68f92ef84df2e2af02 | have_cookie=1 | headers=["X-Powered-By: PHP\/8.2.12","Expires: Thu, 19 Nov 1981 08:52:00 GMT","Cache-Control: no-store, no-cache, must-revalidate","Pragma: no-cache"]
2025-10-19 12:02:58 TOKEN_INIT | ip=::1 | session=9d68f92ef84df2e2af02 | have_cookie=1 | headers=["X-Powered-By: PHP\/8.2.12","Expires: Thu, 19 Nov 1981 08:52:00 GMT","Cache-Control: no-store, no-cache, must-revalidate","Pragma: no-cache"]
2025-10-19 12:03:10 TOKEN_INIT | ip=::1 | session=9d68f92ef84df2e2af02 | have_cookie=1 | headers=["X-Powered-By: PHP\/8.2.12","Expires: Thu, 19 Nov 1981 08:52:00 GMT","Cache-Control: no-store, no-cache, must-revalidate","Pragma: no-cache"]
2025-10-19 12:06:15 TOKEN_INIT | ip=::1 | session=9d68f92ef84df2e2af02 | have_cookie=1 | headers=["X-Powered-By: PHP\/8.2.12","Expires: Thu, 19 Nov 1981 08:52:00 GMT","Cache-Control: no-store, no-cache, must-revalidate","Pragma: no-cache"]
2025-10-19 12:10:51 TOKEN_INIT | ip=::1 | session=9d68f92ef84df2e2af02 | have_cookie=1 | headers=["X-Powered-By: PHP\/8.2.12","Expires: Thu, 19 Nov 1981 08:52:00 GMT","Cache-Control: no-store, no-cache, must-revalidate","Pragma: no-cache"]
2025-10-19 12:13:21 TOKEN_INIT | ip=::1 | session=9d68f92ef84df2e2af02 | have_cookie=1 | headers=["X-Powered-By: PHP\/8.2.12","Expires: Thu, 19 Nov 1981 08:52:00 GMT","Cache-Control: no-store, no-cache, must-revalidate","Pragma: no-cache"]
2025-10-19 12:15:38 TOKEN_INIT | ip=::1 | session=9d68f92ef84df2e2af02 | have_cookie=1 | headers=["X-Powered-By: PHP\/8.2.12","Expires: Thu, 19 Nov 1981 08:52:00 GMT","Cache-Control: no-store, no-cache, must-revalidate","Pragma: no-cache"]
2025-10-19 12:17:34 TOKEN_INIT | ip=::1 | session=9d68f92ef84df2e2af02 | have_cookie=1 | headers=["X-Powered-By: PHP\/8.2.12","Expires: Thu, 19 Nov 1981 08:52:00 GMT","Cache-Control: no-store, no-cache, must-revalidate","Pragma: no-cache"]
2025-10-19 12:17:40 TOKEN_INIT | ip=::1 | session=9d68f92ef84df2e2af02 | have_cookie=1 | headers=["X-Powered-By: PHP\/8.2.12","Expires: Thu, 19 Nov 1981 08:52:00 GMT","Cache-Control: no-store, no-cache, must-revalidate","Pragma: no-cache"]
2025-10-19 12:17:48 TOKEN_INIT | ip=::1 | session=9d68f92ef84df2e2af02 | have_cookie=1 | headers=["X-Powered-By: PHP\/8.2.12","Expires: Thu, 19 Nov 1981 08:52:00 GMT","Cache-Control: no-store, no-cache, must-revalidate","Pragma: no-cache"]
2025-10-19 12:17:52 TOKEN_INIT | ip=::1 | session=9d68f92ef84df2e2af02 | have_cookie=1 | headers=["X-Powered-By: PHP\/8.2.12","Expires: Thu, 19 Nov 1981 08:52:00 GMT","Cache-Control: no-store, no-cache, must-revalidate","Pragma: no-cache"]
2025-10-19 12:17:56 TOKEN_INIT | ip=::1 | session=9d68f92ef84df2e2af02 | have_cookie=1 | headers=["X-Powered-By: PHP\/8.2.12","Expires: Thu, 19 Nov 1981 08:52:00 GMT","Cache-Control: no-store, no-cache, must-revalidate","Pragma: no-cache"]
2025-10-19 12:22:01 TOKEN_INIT | ip=::1 | session=9d68f92ef84df2e2af02 | have_cookie=1 | headers=["X-Powered-By: PHP\/8.2.12","Expires: Thu, 19 Nov 1981 08:52:00 GMT","Cache-Control: no-store, no-cache, must-revalidate","Pragma: no-cache"]
2025-10-19 12:24:31 TOKEN_INIT | ip=::1 | session=9d68f92ef84df2e2af02 | have_cookie=1 | headers=["X-Powered-By: PHP\/8.2.12","Expires: Thu, 19 Nov 1981 08:52:00 GMT","Cache-Control: no-store, no-cache, must-revalidate","Pragma: no-cache"]
2025-10-19 12:26:43 TOKEN_INIT | ip=::1 | session=9d68f92ef84df2e2af02 | have_cookie=1 | headers=["X-Powered-By: PHP\/8.2.12","Expires: Thu, 19 Nov 1981 08:52:00 GMT","Cache-Control: no-store, no-cache, must-revalidate","Pragma: no-cache"]
2025-10-19 12:29:54 TOKEN_INIT | ip=::1 | session=9d68f92ef84df2e2af02 | have_cookie=1 | headers=["X-Powered-By: PHP\/8.2.12","Expires: Thu, 19 Nov 1981 08:52:00 GMT","Cache-Control: no-store, no-cache, must-revalidate","Pragma: no-cache"]
2025-10-19 12:31:28 TOKEN_INIT | ip=::1 | session=9d68f92ef84df2e2af02 | have_cookie=1 | headers=["X-Powered-By: PHP\/8.2.12","Expires: Thu, 19 Nov 1981 08:52:00 GMT","Cache-Control: no-store, no-cache, must-revalidate","Pragma: no-cache"]
2025-10-19 12:34:44 TOKEN_INIT | ip=::1 | session=9d68f92ef84df2e2af02 | have_cookie=1 | headers=["X-Powered-By: PHP\/8.2.12","Expires: Thu, 19 Nov 1981 08:52:00 GMT","Cache-Control: no-store, no-cache, must-revalidate","Pragma: no-cache"]
2025-10-19 12:36:08 TOKEN_INIT | ip=::1 | session=9d68f92ef84df2e2af02 | have_cookie=1 | headers=["X-Powered-By: PHP\/8.2.12","Expires: Thu, 19 Nov 1981 08:52:00 GMT","Cache-Control: no-store, no-cache, must-revalidate","Pragma: no-cache"]
2025-10-19 12:36:29 TOKEN_INIT | ip=::1 | session=9d68f92ef84df2e2af02 | have_cookie=1 | headers=["X-Powered-By: PHP\/8.2.12","Expires: Thu, 19 Nov 1981 08:52:00 GMT","Cache-Control: no-store, no-cache, must-revalidate","Pragma: no-cache"]
2025-10-19 12:36:53 TOKEN_INIT | ip=::1 | session=9d68f92ef84df2e2af02 | have_cookie=1 | headers=["X-Powered-By: PHP\/8.2.12","Expires: Thu, 19 Nov 1981 08:52:00 GMT","Cache-Control: no-store, no-cache, must-revalidate","Pragma: no-cache"]
2025-10-19 12:38:11 TOKEN_INIT | ip=::1 | session=9d68f92ef84df2e2af02 | have_cookie=1 | headers=["X-Powered-By: PHP\/8.2.12","Expires: Thu, 19 Nov 1981 08:52:00 GMT","Cache-Control: no-store, no-cache, must-revalidate","Pragma: no-cache"]
2025-10-19 12:38:56 TOKEN_INIT | ip=::1 | session=9d68f92ef84df2e2af02 | have_cookie=1 | headers=["X-Powered-By: PHP\/8.2.12","Expires: Thu, 19 Nov 1981 08:52:00 GMT","Cache-Control: no-store, no-cache, must-revalidate","Pragma: no-cache"]
2025-10-19 12:42:15 TOKEN_INIT | ip=::1 | session=9d68f92ef84df2e2af02 | have_cookie=1 | headers=["X-Powered-By: PHP\/8.2.12","Expires: Thu, 19 Nov 1981 08:52:00 GMT","Cache-Control: no-store, no-cache, must-revalidate","Pragma: no-cache"]
2025-10-19 12:43:01 TOKEN_INIT | ip=::1 | session=9d68f92ef84df2e2af02 | have_cookie=1 | headers=["X-Powered-By: PHP\/8.2.12","Expires: Thu, 19 Nov 1981 08:52:00 GMT","Cache-Control: no-store, no-cache, must-revalidate","Pragma: no-cache"]
2025-10-19 12:48:06 TOKEN_INIT | ip=::1 | session=9d68f92ef84df2e2af02 | have_cookie=1 | headers=["X-Powered-By: PHP\/8.2.12","Expires: Thu, 19 Nov 1981 08:52:00 GMT","Cache-Control: no-store, no-cache, must-revalidate","Pragma: no-cache"]
2025-10-19 12:51:56 TOKEN_INIT | ip=::1 | session=9d68f92ef84df2e2af02 | have_cookie=1 | headers=["X-Powered-By: PHP\/8.2.12","Expires: Thu, 19 Nov 1981 08:52:00 GMT","Cache-Control: no-store, no-cache, must-revalidate","Pragma: no-cache"]
2025-10-19 12:55:35 TOKEN_INIT | ip=::1 | session=9d68f92ef84df2e2af02 | have_cookie=1 | headers=["X-Powered-By: PHP\/8.2.12","Expires: Thu, 19 Nov 1981 08:52:00 GMT","Cache-Control: no-store, no-cache, must-revalidate","Pragma: no-cache"]
2025-10-19 13:05:16 TOKEN_INIT | ip=::1 | session=9d68f92ef84df2e2af02 | have_cookie=1 | headers=["X-Powered-By: PHP\/8.2.12","Expires: Thu, 19 Nov 1981 08:52:00 GMT","Cache-Control: no-store, no-cache, must-revalidate","Pragma: no-cache"]
2025-10-19 13:05:52 TOKEN_INIT | ip=::1 | session=9d68f92ef84df2e2af02 | have_cookie=1 | headers=["X-Powered-By: PHP\/8.2.12","Expires: Thu, 19 Nov 1981 08:52:00 GMT","Cache-Control: no-store, no-cache, must-revalidate","Pragma: no-cache"]
2025-10-19 13:06:04 TOKEN_INIT | ip=::1 | session=9d68f92ef84df2e2af02 | have_cookie=1 | headers=["X-Powered-By: PHP\/8.2.12","Expires: Thu, 19 Nov 1981 08:52:00 GMT","Cache-Control: no-store, no-cache, must-revalidate","Pragma: no-cache"]
2025-10-19 13:06:15 TOKEN_INIT | ip=::1 | session=9d68f92ef84df2e2af02 | have_cookie=1 | headers=["X-Powered-By: PHP\/8.2.12","Expires: Thu, 19 Nov 1981 08:52:00 GMT","Cache-Control: no-store, no-cache, must-revalidate","Pragma: no-cache"]
2025-10-19 13:09:05 TOKEN_INIT | ip=::1 | session=9d68f92ef84df2e2af02 | have_cookie=1 | headers=["X-Powered-By: PHP\/8.2.12","Expires: Thu, 19 Nov 1981 08:52:00 GMT","Cache-Control: no-store, no-cache, must-revalidate","Pragma: no-cache"]
2025-10-19 13:12:11 TOKEN_INIT | ip=::1 | session=9d68f92ef84df2e2af02 | have_cookie=1 | headers=["X-Powered-By: PHP\/8.2.12","Expires: Thu, 19 Nov 1981 08:52:00 GMT","Cache-Control: no-store, no-cache, must-revalidate","Pragma: no-cache"]
2025-10-19 13:12:33 TOKEN_INIT | ip=::1 | session=9d68f92ef84df2e2af02 | have_cookie=1 | headers=["X-Powered-By: PHP\/8.2.12","Expires: Thu, 19 Nov 1981 08:52:00 GMT","Cache-Control: no-store, no-cache, must-revalidate","Pragma: no-cache"]
2025-10-19 13:12:43 TOKEN_INIT | ip=::1 | session=9d68f92ef84df2e2af02 | have_cookie=1 | headers=["X-Powered-By: PHP\/8.2.12","Expires: Thu, 19 Nov 1981 08:52:00 GMT","Cache-Control: no-store, no-cache, must-revalidate","Pragma: no-cache"]
2025-10-19 13:12:47 TOKEN_INIT | ip=::1 | session=9d68f92ef84df2e2af02 | have_cookie=1 | headers=["X-Powered-By: PHP\/8.2.12","Expires: Thu, 19 Nov 1981 08:52:00 GMT","Cache-Control: no-store, no-cache, must-revalidate","Pragma: no-cache"]
2025-10-19 13:37:25 TOKEN_INIT | ip=::1 | session=9d68f92ef84df2e2af02 | have_cookie=1 | headers=["X-Powered-By: PHP\/8.2.12","Expires: Thu, 19 Nov 1981 08:52:00 GMT","Cache-Control: no-store, no-cache, must-revalidate","Pragma: no-cache"]
2025-10-19 13:43:23 TOKEN_INIT | ip=::1 | session=9d68f92ef84df2e2af02 | have_cookie=1 | headers=["X-Powered-By: PHP\/8.2.12","Expires: Thu, 19 Nov 1981 08:52:00 GMT","Cache-Control: no-store, no-cache, must-revalidate","Pragma: no-cache"]
2025-10-19 13:47:06 TOKEN_INIT | ip=::1 | session=9d68f92ef84df2e2af02 | have_cookie=1 | headers=["X-Powered-By: PHP\/8.2.12","Expires: Thu, 19 Nov 1981 08:52:00 GMT","Cache-Control: no-store, no-cache, must-revalidate","Pragma: no-cache"]
2025-10-19 13:48:28 TOKEN_INIT | ip=::1 | session=9d68f92ef84df2e2af02 | have_cookie=1 | headers=["X-Powered-By: PHP\/8.2.12","Expires: Thu, 19 Nov 1981 08:52:00 GMT","Cache-Control: no-store, no-cache, must-revalidate","Pragma: no-cache"]
2025-10-19 13:52:48 TOKEN_INIT | ip=::1 | session=9d68f92ef84df2e2af02 | have_cookie=1 | headers=["X-Powered-By: PHP\/8.2.12","Expires: Thu, 19 Nov 1981 08:52:00 GMT","Cache-Control: no-store, no-cache, must-revalidate","Pragma: no-cache"]
2025-10-19 13:54:35 TOKEN_INIT | ip=::1 | session=9d68f92ef84df2e2af02 | have_cookie=1 | headers=["X-Powered-By: PHP\/8.2.12","Expires: Thu, 19 Nov 1981 08:52:00 GMT","Cache-Control: no-store, no-cache, must-revalidate","Pragma: no-cache"]
2025-10-19 13:54:43 TOKEN_INIT | ip=::1 | session=9d68f92ef84df2e2af02 | have_cookie=1 | headers=["X-Powered-By: PHP\/8.2.12","Expires: Thu, 19 Nov 1981 08:52:00 GMT","Cache-Control: no-store, no-cache, must-revalidate","Pragma: no-cache"]
2025-10-19 13:57:04 TOKEN_INIT | ip=::1 | session=9d68f92ef84df2e2af02 | have_cookie=1 | headers=["X-Powered-By: PHP\/8.2.12","Expires: Thu, 19 Nov 1981 08:52:00 GMT","Cache-Control: no-store, no-cache, must-revalidate","Pragma: no-cache"]
2025-10-19 13:57:20 TOKEN_INIT | ip=::1 | session=9d68f92ef84df2e2af02 | have_cookie=1 | headers=["X-Powered-By: PHP\/8.2.12","Expires: Thu, 19 Nov 1981 08:52:00 GMT","Cache-Control: no-store, no-cache, must-revalidate","Pragma: no-cache"]
2025-10-19 14:03:35 TOKEN_INIT | ip=::1 | session=9d68f92ef84df2e2af02 | have_cookie=1 | headers=["X-Powered-By: PHP\/8.2.12","Expires: Thu, 19 Nov 1981 08:52:00 GMT","Cache-Control: no-store, no-cache, must-revalidate","Pragma: no-cache"]
2025-10-19 14:08:17 TOKEN_INIT | ip=::1 | session=9d68f92ef84df2e2af02 | have_cookie=1 | headers=["X-Powered-By: PHP\/8.2.12","Expires: Thu, 19 Nov 1981 08:52:00 GMT","Cache-Control: no-store, no-cache, must-revalidate","Pragma: no-cache"]
2025-10-19 14:08:26 TOKEN_INIT | ip=::1 | session=9d68f92ef84df2e2af02 | have_cookie=1 | headers=["X-Powered-By: PHP\/8.2.12","Expires: Thu, 19 Nov 1981 08:52:00 GMT","Cache-Control: no-store, no-cache, must-revalidate","Pragma: no-cache"]
2025-10-19 14:09:01 TOKEN_INIT | ip=::1 | session=9d68f92ef84df2e2af02 | have_cookie=1 | headers=["X-Powered-By: PHP\/8.2.12","Expires: Thu, 19 Nov 1981 08:52:00 GMT","Cache-Control: no-store, no-cache, must-revalidate","Pragma: no-cache"]
2025-10-19 14:26:06 TOKEN_INIT | ip=::1 | session=9d68f92ef84df2e2af02 | have_cookie=1 | headers=["X-Powered-By: PHP\/8.2.12","Expires: Thu, 19 Nov 1981 08:52:00 GMT","Cache-Control: no-store, no-cache, must-revalidate","Pragma: no-cache"]
2025-10-19 14:30:28 TOKEN_INIT | ip=::1 | session=9d68f92ef84df2e2af02 | have_cookie=1 | headers=["X-Powered-By: PHP\/8.2.12","Expires: Thu, 19 Nov 1981 08:52:00 GMT","Cache-Control: no-store, no-cache, must-revalidate","Pragma: no-cache"]
2025-10-19 14:30:44 TOKEN_INIT | ip=::1 | session=9d68f92ef84df2e2af02 | have_cookie=1 | headers=["X-Powered-By: PHP\/8.2.12","Expires: Thu, 19 Nov 1981 08:52:00 GMT","Cache-Control: no-store, no-cache, must-revalidate","Pragma: no-cache"]
2025-10-20 00:39:53 TOKEN_INIT | ip=::1 | session=e29062360243d61b93ff | have_cookie=0 | headers=["X-Powered-By: PHP\/8.2.12","Expires: Thu, 19 Nov 1981 08:52:00 GMT","Cache-Control: no-store, no-cache, must-revalidate","Pragma: no-cache","Set-Cookie: csrf_add_staff=e29062360243d61b93ffd73664fe89
2025-10-20 00:40:37 TOKEN_INIT | ip=::1 | session=e29062360243d61b93ff | have_cookie=1 | headers=["X-Powered-By: PHP\/8.2.12","Expires: Thu, 19 Nov 1981 08:52:00 GMT","Cache-Control: no-store, no-cache, must-revalidate","Pragma: no-cache"]
2025-10-20 00:40:53 TOKEN_INIT | ip=::1 | session=e29062360243d61b93ff | have_cookie=1 | headers=["X-Powered-By: PHP\/8.2.12","Expires: Thu, 19 Nov 1981 08:52:00 GMT","Cache-Control: no-store, no-cache, must-revalidate","Pragma: no-cache"]
2025-10-20 00:41:40 TOKEN_INIT | ip=::1 | session=e29062360243d61b93ff | have_cookie=1 | headers=["X-Powered-By: PHP\/8.2.12","Expires: Thu, 19 Nov 1981 08:52:00 GMT","Cache-Control: no-store, no-cache, must-revalidate","Pragma: no-cache"]
2025-10-20 00:59:53 TOKEN_INIT | ip=::1 | session=e29062360243d61b93ff | have_cookie=1 | headers=["X-Powered-By: PHP\/8.2.12","Expires: Thu, 19 Nov 1981 08:52:00 GMT","Cache-Control: no-store, no-cache, must-revalidate","Pragma: no-cache"]
2025-10-20 01:06:24 TOKEN_INIT | ip=::1 | session=e29062360243d61b93ff | have_cookie=1 | headers=["X-Powered-By: PHP\/8.2.12","Expires: Thu, 19 Nov 1981 08:52:00 GMT","Cache-Control: no-store, no-cache, must-revalidate","Pragma: no-cache"]
2025-10-20 01:11:09 TOKEN_INIT | ip=::1 | session=e29062360243d61b93ff | have_cookie=1 | headers=["X-Powered-By: PHP\/8.2.12","Expires: Thu, 19 Nov 1981 08:52:00 GMT","Cache-Control: no-store, no-cache, must-revalidate","Pragma: no-cache"]
2025-10-20 01:11:23 TOKEN_INIT | ip=::1 | session=e29062360243d61b93ff | have_cookie=1 | headers=["X-Powered-By: PHP\/8.2.12","Expires: Thu, 19 Nov 1981 08:52:00 GMT","Cache-Control: no-store, no-cache, must-revalidate","Pragma: no-cache"]
2025-10-20 01:20:45 TOKEN_INIT | ip=::1 | session=e29062360243d61b93ff | have_cookie=1 | headers=["X-Powered-By: PHP\/8.2.12","Expires: Thu, 19 Nov 1981 08:52:00 GMT","Cache-Control: no-store, no-cache, must-revalidate","Pragma: no-cache"]
2025-10-20 01:36:30 TOKEN_INIT | ip=::1 | session=e29062360243d61b93ff | have_cookie=1 | headers=["X-Powered-By: PHP\/8.2.12","Expires: Thu, 19 Nov 1981 08:52:00 GMT","Cache-Control: no-store, no-cache, must-revalidate","Pragma: no-cache"]
2025-10-20 01:39:33 TOKEN_INIT | ip=::1 | session=e29062360243d61b93ff | have_cookie=1 | headers=["X-Powered-By: PHP\/8.2.12","Expires: Thu, 19 Nov 1981 08:52:00 GMT","Cache-Control: no-store, no-cache, must-revalidate","Pragma: no-cache"]
2025-10-20 01:39:54 TOKEN_INIT | ip=::1 | session=e29062360243d61b93ff | have_cookie=1 | headers=["X-Powered-By: PHP\/8.2.12","Expires: Thu, 19 Nov 1981 08:52:00 GMT","Cache-Control: no-store, no-cache, must-revalidate","Pragma: no-cache"]
2025-10-20 01:53:57 TOKEN_INIT | ip=::1 | session=e29062360243d61b93ff | have_cookie=1 | headers=["X-Powered-By: PHP\/8.2.12","Expires: Thu, 19 Nov 1981 08:52:00 GMT","Cache-Control: no-store, no-cache, must-revalidate","Pragma: no-cache"]
2025-10-20 01:54:07 TOKEN_INIT | ip=::1 | session=e29062360243d61b93ff | have_cookie=1 | headers=["X-Powered-By: PHP\/8.2.12","Expires: Thu, 19 Nov 1981 08:52:00 GMT","Cache-Control: no-store, no-cache, must-revalidate","Pragma: no-cache"]
2025-10-20 01:54:21 TOKEN_INIT | ip=::1 | session=e29062360243d61b93ff | have_cookie=1 | headers=["X-Powered-By: PHP\/8.2.12","Expires: Thu, 19 Nov 1981 08:52:00 GMT","Cache-Control: no-store, no-cache, must-revalidate","Pragma: no-cache"]
2025-10-20 01:57:10 TOKEN_INIT | ip=::1 | session=e29062360243d61b93ff | have_cookie=1 | headers=["X-Powered-By: PHP\/8.2.12","Expires: Thu, 19 Nov 1981 08:52:00 GMT","Cache-Control: no-store, no-cache, must-revalidate","Pragma: no-cache"]
2025-10-20 02:02:56 TOKEN_INIT | ip=::1 | session=e29062360243d61b93ff | have_cookie=1 | headers=["X-Powered-By: PHP\/8.2.12","Expires: Thu, 19 Nov 1981 08:52:00 GMT","Cache-Control: no-store, no-cache, must-revalidate","Pragma: no-cache"]
2025-10-20 02:03:29 TOKEN_INIT | ip=::1 | session=e29062360243d61b93ff | have_cookie=1 | headers=["X-Powered-By: PHP\/8.2.12","Expires: Thu, 19 Nov 1981 08:52:00 GMT","Cache-Control: no-store, no-cache, must-revalidate","Pragma: no-cache"]
2025-10-20 02:05:01 TOKEN_INIT | ip=::1 | session=e29062360243d61b93ff | have_cookie=1 | headers=["X-Powered-By: PHP\/8.2.12","Expires: Thu, 19 Nov 1981 08:52:00 GMT","Cache-Control: no-store, no-cache, must-revalidate","Pragma: no-cache"]
2025-10-20 02:06:15 TOKEN_INIT | ip=::1 | session=e29062360243d61b93ff | have_cookie=1 | headers=["X-Powered-By: PHP\/8.2.12","Expires: Thu, 19 Nov 1981 08:52:00 GMT","Cache-Control: no-store, no-cache, must-revalidate","Pragma: no-cache"]
2025-10-20 02:06:59 TOKEN_INIT | ip=::1 | session=e29062360243d61b93ff | have_cookie=1 | headers=["X-Powered-By: PHP\/8.2.12","Expires: Thu, 19 Nov 1981 08:52:00 GMT","Cache-Control: no-store, no-cache, must-revalidate","Pragma: no-cache"]
2025-10-20 02:11:29 TOKEN_INIT | ip=::1 | session=e29062360243d61b93ff | have_cookie=1 | headers=["X-Powered-By: PHP\/8.2.12","Expires: Thu, 19 Nov 1981 08:52:00 GMT","Cache-Control: no-store, no-cache, must-revalidate","Pragma: no-cache"]
2025-10-20 02:20:51 TOKEN_INIT | ip=::1 | session=e29062360243d61b93ff | have_cookie=1 | headers=["X-Powered-By: PHP\/8.2.12","Expires: Thu, 19 Nov 1981 08:52:00 GMT","Cache-Control: no-store, no-cache, must-revalidate","Pragma: no-cache"]
2025-10-20 02:21:19 TOKEN_INIT | ip=::1 | session=e29062360243d61b93ff | have_cookie=1 | headers=["X-Powered-By: PHP\/8.2.12","Expires: Thu, 19 Nov 1981 08:52:00 GMT","Cache-Control: no-store, no-cache, must-revalidate","Pragma: no-cache"]
2025-10-20 02:22:54 TOKEN_INIT | ip=::1 | session=e29062360243d61b93ff | have_cookie=1 | headers=["X-Powered-By: PHP\/8.2.12","Expires: Thu, 19 Nov 1981 08:52:00 GMT","Cache-Control: no-store, no-cache, must-revalidate","Pragma: no-cache"]
2025-10-20 02:24:06 TOKEN_INIT | ip=::1 | session=e29062360243d61b93ff | have_cookie=1 | headers=["X-Powered-By: PHP\/8.2.12","Expires: Thu, 19 Nov 1981 08:52:00 GMT","Cache-Control: no-store, no-cache, must-revalidate","Pragma: no-cache"]
2025-10-20 02:24:33 TOKEN_INIT | ip=::1 | session=e29062360243d61b93ff | have_cookie=1 | headers=["X-Powered-By: PHP\/8.2.12","Expires: Thu, 19 Nov 1981 08:52:00 GMT","Cache-Control: no-store, no-cache, must-revalidate","Pragma: no-cache"]
2025-10-20 02:27:17 TOKEN_INIT | ip=::1 | session=e29062360243d61b93ff | have_cookie=1 | headers=["X-Powered-By: PHP\/8.2.12","Expires: Thu, 19 Nov 1981 08:52:00 GMT","Cache-Control: no-store, no-cache, must-revalidate","Pragma: no-cache"]
2025-10-20 02:28:39 TOKEN_INIT | ip=::1 | session=e29062360243d61b93ff | have_cookie=1 | headers=["X-Powered-By: PHP\/8.2.12","Expires: Thu, 19 Nov 1981 08:52:00 GMT","Cache-Control: no-store, no-cache, must-revalidate","Pragma: no-cache"]
2025-10-20 02:29:15 TOKEN_INIT | ip=::1 | session=e29062360243d61b93ff | have_cookie=1 | headers=["X-Powered-By: PHP\/8.2.12","Expires: Thu, 19 Nov 1981 08:52:00 GMT","Cache-Control: no-store, no-cache, must-revalidate","Pragma: no-cache"]
2025-10-20 02:29:34 TOKEN_INIT | ip=::1 | session=e29062360243d61b93ff | have_cookie=1 | headers=["X-Powered-By: PHP\/8.2.12","Expires: Thu, 19 Nov 1981 08:52:00 GMT","Cache-Control: no-store, no-cache, must-revalidate","Pragma: no-cache"]
2025-10-20 02:30:09 TOKEN_INIT | ip=::1 | session=e29062360243d61b93ff | have_cookie=1 | headers=["X-Powered-By: PHP\/8.2.12","Expires: Thu, 19 Nov 1981 08:52:00 GMT","Cache-Control: no-store, no-cache, must-revalidate","Pragma: no-cache"]
2025-10-20 02:31:29 TOKEN_INIT | ip=::1 | session=e29062360243d61b93ff | have_cookie=1 | headers=["X-Powered-By: PHP\/8.2.12","Expires: Thu, 19 Nov 1981 08:52:00 GMT","Cache-Control: no-store, no-cache, must-revalidate","Pragma: no-cache"]
2025-10-20 02:33:06 TOKEN_INIT | ip=::1 | session=e29062360243d61b93ff | have_cookie=1 | headers=["X-Powered-By: PHP\/8.2.12","Expires: Thu, 19 Nov 1981 08:52:00 GMT","Cache-Control: no-store, no-cache, must-revalidate","Pragma: no-cache"]
2025-10-20 02:34:14 TOKEN_INIT | ip=::1 | session=e29062360243d61b93ff | have_cookie=1 | headers=["X-Powered-By: PHP\/8.2.12","Expires: Thu, 19 Nov 1981 08:52:00 GMT","Cache-Control: no-store, no-cache, must-revalidate","Pragma: no-cache"]
2025-10-20 02:55:59 TOKEN_INIT | ip=::1 | session=e29062360243d61b93ff | have_cookie=1 | headers=["X-Powered-By: PHP\/8.2.12","Expires: Thu, 19 Nov 1981 08:52:00 GMT","Cache-Control: no-store, no-cache, must-revalidate","Pragma: no-cache"]
2025-10-20 02:58:12 TOKEN_INIT | ip=::1 | session=e29062360243d61b93ff | have_cookie=1 | headers=["X-Powered-By: PHP\/8.2.12","Expires: Thu, 19 Nov 1981 08:52:00 GMT","Cache-Control: no-store, no-cache, must-revalidate","Pragma: no-cache"]
2025-10-20 23:44:44 TOKEN_INIT | ip=::1 | session=f81ba8d09d462633b2bc | have_cookie=0 | headers=["X-Powered-By: PHP\/8.2.12","Expires: Thu, 19 Nov 1981 08:52:00 GMT","Cache-Control: no-store, no-cache, must-revalidate","Pragma: no-cache","Set-Cookie: csrf_add_staff=f81ba8d09d462633b2bc2df00e855e
2025-10-20 23:53:54 TOKEN_INIT | ip=::1 | session=f81ba8d09d462633b2bc | have_cookie=1 | headers=["X-Powered-By: PHP\/8.2.12","Expires: Thu, 19 Nov 1981 08:52:00 GMT","Cache-Control: no-store, no-cache, must-revalidate","Pragma: no-cache"]
2025-10-20 23:54:23 TOKEN_INIT | ip=::1 | session=f81ba8d09d462633b2bc | have_cookie=1 | headers=["X-Powered-By: PHP\/8.2.12","Expires: Thu, 19 Nov 1981 08:52:00 GMT","Cache-Control: no-store, no-cache, must-revalidate","Pragma: no-cache"]
2025-10-20 23:56:40 TOKEN_INIT | ip=::1 | session=f81ba8d09d462633b2bc | have_cookie=1 | headers=["X-Powered-By: PHP\/8.2.12","Expires: Thu, 19 Nov 1981 08:52:00 GMT","Cache-Control: no-store, no-cache, must-revalidate","Pragma: no-cache"]
2025-10-20 23:58:36 TOKEN_INIT | ip=::1 | session=f81ba8d09d462633b2bc | have_cookie=1 | headers=["X-Powered-By: PHP\/8.2.12","Expires: Thu, 19 Nov 1981 08:52:00 GMT","Cache-Control: no-store, no-cache, must-revalidate","Pragma: no-cache"]
2025-10-20 23:58:53 TOKEN_INIT | ip=::1 | session=f81ba8d09d462633b2bc | have_cookie=1 | headers=["X-Powered-By: PHP\/8.2.12","Expires: Thu, 19 Nov 1981 08:52:00 GMT","Cache-Control: no-store, no-cache, must-revalidate","Pragma: no-cache"]
2025-10-20 23:59:08 TOKEN_INIT | ip=::1 | session=f81ba8d09d462633b2bc | have_cookie=1 | headers=["X-Powered-By: PHP\/8.2.12","Expires: Thu, 19 Nov 1981 08:52:00 GMT","Cache-Control: no-store, no-cache, must-revalidate","Pragma: no-cache"]
2025-10-21 00:02:05 TOKEN_INIT | ip=::1 | session=f81ba8d09d462633b2bc | have_cookie=1 | headers=["X-Powered-By: PHP\/8.2.12","Expires: Thu, 19 Nov 1981 08:52:00 GMT","Cache-Control: no-store, no-cache, must-revalidate","Pragma: no-cache"]
2025-10-21 00:08:11 TOKEN_INIT | ip=::1 | session=f81ba8d09d462633b2bc | have_cookie=1 | headers=["X-Powered-By: PHP\/8.2.12","Expires: Thu, 19 Nov 1981 08:52:00 GMT","Cache-Control: no-store, no-cache, must-revalidate","Pragma: no-cache"]
2025-10-21 00:08:23 TOKEN_INIT | ip=::1 | session=f81ba8d09d462633b2bc | have_cookie=1 | headers=["X-Powered-By: PHP\/8.2.12","Expires: Thu, 19 Nov 1981 08:52:00 GMT","Cache-Control: no-store, no-cache, must-revalidate","Pragma: no-cache"]
2025-10-21 18:14:29 TOKEN_INIT | ip=::1 | session=f81ba8d09d462633b2bc | have_cookie=1 | headers=["X-Powered-By: PHP\/8.2.12","Expires: Thu, 19 Nov 1981 08:52:00 GMT","Cache-Control: no-store, no-cache, must-revalidate","Pragma: no-cache"]
2025-10-21 18:14:35 TOKEN_INIT | ip=::1 | session=f81ba8d09d462633b2bc | have_cookie=1 | headers=["X-Powered-By: PHP\/8.2.12","Expires: Thu, 19 Nov 1981 08:52:00 GMT","Cache-Control: no-store, no-cache, must-revalidate","Pragma: no-cache"]
2025-10-21 18:15:18 TOKEN_INIT | ip=::1 | session=f81ba8d09d462633b2bc | have_cookie=1 | headers=["X-Powered-By: PHP\/8.2.12","Expires: Thu, 19 Nov 1981 08:52:00 GMT","Cache-Control: no-store, no-cache, must-revalidate","Pragma: no-cache"]
2025-10-21 18:19:47 TOKEN_INIT | ip=::1 | session=f81ba8d09d462633b2bc | have_cookie=1 | headers=["X-Powered-By: PHP\/8.2.12","Expires: Thu, 19 Nov 1981 08:52:00 GMT","Cache-Control: no-store, no-cache, must-revalidate","Pragma: no-cache"]
2025-10-21 18:25:15 TOKEN_INIT | ip=::1 | session=f81ba8d09d462633b2bc | have_cookie=1 | headers=["X-Powered-By: PHP\/8.2.12","Expires: Thu, 19 Nov 1981 08:52:00 GMT","Cache-Control: no-store, no-cache, must-revalidate","Pragma: no-cache"]
2025-10-21 18:25:41 TOKEN_INIT | ip=::1 | session=f81ba8d09d462633b2bc | have_cookie=1 | headers=["X-Powered-By: PHP\/8.2.12","Expires: Thu, 19 Nov 1981 08:52:00 GMT","Cache-Control: no-store, no-cache, must-revalidate","Pragma: no-cache"]
2025-10-21 18:28:43 TOKEN_INIT | ip=::1 | session=f81ba8d09d462633b2bc | have_cookie=1 | headers=["X-Powered-By: PHP\/8.2.12","Expires: Thu, 19 Nov 1981 08:52:00 GMT","Cache-Control: no-store, no-cache, must-revalidate","Pragma: no-cache"]
2025-10-21 18:31:24 TOKEN_INIT | ip=::1 | session=f81ba8d09d462633b2bc | have_cookie=1 | headers=["X-Powered-By: PHP\/8.2.12","Expires: Thu, 19 Nov 1981 08:52:00 GMT","Cache-Control: no-store, no-cache, must-revalidate","Pragma: no-cache"]
2025-10-21 18:31:27 TOKEN_INIT | ip=::1 | session=f81ba8d09d462633b2bc | have_cookie=1 | headers=["X-Powered-By: PHP\/8.2.12","Expires: Thu, 19 Nov 1981 08:52:00 GMT","Cache-Control: no-store, no-cache, must-revalidate","Pragma: no-cache"]
2025-10-21 18:31:41 TOKEN_INIT | ip=::1 | session=f81ba8d09d462633b2bc | have_cookie=1 | headers=["X-Powered-By: PHP\/8.2.12","Expires: Thu, 19 Nov 1981 08:52:00 GMT","Cache-Control: no-store, no-cache, must-revalidate","Pragma: no-cache"]
2025-10-21 18:32:12 TOKEN_INIT | ip=::1 | session=f81ba8d09d462633b2bc | have_cookie=1 | headers=["X-Powered-By: PHP\/8.2.12","Expires: Thu, 19 Nov 1981 08:52:00 GMT","Cache-Control: no-store, no-cache, must-revalidate","Pragma: no-cache"]
2025-10-21 18:32:44 TOKEN_INIT | ip=::1 | session=f81ba8d09d462633b2bc | have_cookie=1 | headers=["X-Powered-By: PHP\/8.2.12","Expires: Thu, 19 Nov 1981 08:52:00 GMT","Cache-Control: no-store, no-cache, must-revalidate","Pragma: no-cache"]
2025-10-21 18:32:47 TOKEN_INIT | ip=::1 | session=f81ba8d09d462633b2bc | have_cookie=1 | headers=["X-Powered-By: PHP\/8.2.12","Expires: Thu, 19 Nov 1981 08:52:00 GMT","Cache-Control: no-store, no-cache, must-revalidate","Pragma: no-cache"]
2025-10-21 18:34:35 TOKEN_INIT | ip=::1 | session=f81ba8d09d462633b2bc | have_cookie=1 | headers=["X-Powered-By: PHP\/8.2.12","Expires: Thu, 19 Nov 1981 08:52:00 GMT","Cache-Control: no-store, no-cache, must-revalidate","Pragma: no-cache"]
2025-10-21 18:39:00 TOKEN_INIT | ip=::1 | session=f81ba8d09d462633b2bc | have_cookie=1 | headers=["X-Powered-By: PHP\/8.2.12","Expires: Thu, 19 Nov 1981 08:52:00 GMT","Cache-Control: no-store, no-cache, must-revalidate","Pragma: no-cache"]
2025-10-21 18:47:07 TOKEN_INIT | ip=::1 | session=f81ba8d09d462633b2bc | have_cookie=1 | headers=["X-Powered-By: PHP\/8.2.12","Expires: Thu, 19 Nov 1981 08:52:00 GMT","Cache-Control: no-store, no-cache, must-revalidate","Pragma: no-cache"]
2025-10-21 18:47:57 TOKEN_INIT | ip=::1 | session=f81ba8d09d462633b2bc | have_cookie=1 | headers=["X-Powered-By: PHP\/8.2.12","Expires: Thu, 19 Nov 1981 08:52:00 GMT","Cache-Control: no-store, no-cache, must-revalidate","Pragma: no-cache"]
2025-10-21 18:49:51 TOKEN_INIT | ip=::1 | session=f81ba8d09d462633b2bc | have_cookie=1 | headers=["X-Powered-By: PHP\/8.2.12","Expires: Thu, 19 Nov 1981 08:52:00 GMT","Cache-Control: no-store, no-cache, must-revalidate","Pragma: no-cache"]
2025-10-21 18:50:10 TOKEN_INIT | ip=::1 | session=f81ba8d09d462633b2bc | have_cookie=1 | headers=["X-Powered-By: PHP\/8.2.12","Expires: Thu, 19 Nov 1981 08:52:00 GMT","Cache-Control: no-store, no-cache, must-revalidate","Pragma: no-cache"]
2025-10-21 18:54:34 TOKEN_INIT | ip=::1 | session=f81ba8d09d462633b2bc | have_cookie=1 | headers=["X-Powered-By: PHP\/8.2.12","Expires: Thu, 19 Nov 1981 08:52:00 GMT","Cache-Control: no-store, no-cache, must-revalidate","Pragma: no-cache"]
2025-10-21 18:54:49 TOKEN_INIT | ip=::1 | session=f81ba8d09d462633b2bc | have_cookie=1 | headers=["X-Powered-By: PHP\/8.2.12","Expires: Thu, 19 Nov 1981 08:52:00 GMT","Cache-Control: no-store, no-cache, must-revalidate","Pragma: no-cache"]
2025-10-21 18:57:34 TOKEN_INIT | ip=::1 | session=f7938a9ea5f6e9c89a32 | have_cookie=1 | headers=["X-Powered-By: PHP\/8.2.12","Expires: Thu, 19 Nov 1981 08:52:00 GMT","Cache-Control: no-store, no-cache, must-revalidate","Pragma: no-cache","Set-Cookie: csrf_add_staff=f7938a9ea5f6e9c89a321313133508
2025-10-21 19:03:08 TOKEN_INIT | ip=::1 | session=f7938a9ea5f6e9c89a32 | have_cookie=1 | headers=["X-Powered-By: PHP\/8.2.12","Expires: Thu, 19 Nov 1981 08:52:00 GMT","Cache-Control: no-store, no-cache, must-revalidate","Pragma: no-cache"]
2025-10-21 19:07:38 TOKEN_INIT | ip=::1 | session=f7938a9ea5f6e9c89a32 | have_cookie=1 | headers=["X-Powered-By: PHP\/8.2.12","Expires: Thu, 19 Nov 1981 08:52:00 GMT","Cache-Control: no-store, no-cache, must-revalidate","Pragma: no-cache"]
2025-10-21 19:08:57 TOKEN_INIT | ip=::1 | session=f7938a9ea5f6e9c89a32 | have_cookie=1 | headers=["X-Powered-By: PHP\/8.2.12","Expires: Thu, 19 Nov 1981 08:52:00 GMT","Cache-Control: no-store, no-cache, must-revalidate","Pragma: no-cache"]
2025-10-21 19:13:53 TOKEN_INIT | ip=::1 | session=f7938a9ea5f6e9c89a32 | have_cookie=1 | headers=["X-Powered-By: PHP\/8.2.12","Expires: Thu, 19 Nov 1981 08:52:00 GMT","Cache-Control: no-store, no-cache, must-revalidate","Pragma: no-cache"]
2025-10-21 19:13:59 TOKEN_INIT | ip=::1 | session=f7938a9ea5f6e9c89a32 | have_cookie=1 | headers=["X-Powered-By: PHP\/8.2.12","Expires: Thu, 19 Nov 1981 08:52:00 GMT","Cache-Control: no-store, no-cache, must-revalidate","Pragma: no-cache"]
2025-10-21 19:14:05 TOKEN_INIT | ip=::1 | session=f7938a9ea5f6e9c89a32 | have_cookie=1 | headers=["X-Powered-By: PHP\/8.2.12","Expires: Thu, 19 Nov 1981 08:52:00 GMT","Cache-Control: no-store, no-cache, must-revalidate","Pragma: no-cache"]
2025-10-21 19:14:07 TOKEN_INIT | ip=::1 | session=f7938a9ea5f6e9c89a32 | have_cookie=1 | headers=["X-Powered-By: PHP\/8.2.12","Expires: Thu, 19 Nov 1981 08:52:00 GMT","Cache-Control: no-store, no-cache, must-revalidate","Pragma: no-cache"]
2025-10-21 19:17:06 TOKEN_INIT | ip=::1 | session=f7938a9ea5f6e9c89a32 | have_cookie=1 | headers=["X-Powered-By: PHP\/8.2.12","Expires: Thu, 19 Nov 1981 08:52:00 GMT","Cache-Control: no-store, no-cache, must-revalidate","Pragma: no-cache"]
2025-10-21 19:17:09 TOKEN_INIT | ip=::1 | session=f7938a9ea5f6e9c89a32 | have_cookie=1 | headers=["X-Powered-By: PHP\/8.2.12","Expires: Thu, 19 Nov 1981 08:52:00 GMT","Cache-Control: no-store, no-cache, must-revalidate","Pragma: no-cache"]
2025-10-21 19:18:52 TOKEN_INIT | ip=::1 | session=f7938a9ea5f6e9c89a32 | have_cookie=1 | headers=["X-Powered-By: PHP\/8.2.12","Expires: Thu, 19 Nov 1981 08:52:00 GMT","Cache-Control: no-store, no-cache, must-revalidate","Pragma: no-cache"]
2025-10-21 19:18:59 TOKEN_INIT | ip=::1 | session=f7938a9ea5f6e9c89a32 | have_cookie=1 | headers=["X-Powered-By: PHP\/8.2.12","Expires: Thu, 19 Nov 1981 08:52:00 GMT","Cache-Control: no-store, no-cache, must-revalidate","Pragma: no-cache"]
2025-10-21 19:32:41 TOKEN_INIT | ip=::1 | session=f7938a9ea5f6e9c89a32 | have_cookie=1 | headers=["X-Powered-By: PHP\/8.2.12","Expires: Thu, 19 Nov 1981 08:52:00 GMT","Cache-Control: no-store, no-cache, must-revalidate","Pragma: no-cache"]
2025-10-21 19:51:37 TOKEN_INIT | ip=::1 | session=f7938a9ea5f6e9c89a32 | have_cookie=1 | headers=["X-Powered-By: PHP\/8.2.12","Expires: Thu, 19 Nov 1981 08:52:00 GMT","Cache-Control: no-store, no-cache, must-revalidate","Pragma: no-cache"]
2025-10-21 19:52:05 TOKEN_INIT | ip=::1 | session=f7938a9ea5f6e9c89a32 | have_cookie=1 | headers=["X-Powered-By: PHP\/8.2.12","Expires: Thu, 19 Nov 1981 08:52:00 GMT","Cache-Control: no-store, no-cache, must-revalidate","Pragma: no-cache"]
2025-10-21 20:07:08 TOKEN_INIT | ip=::1 | session=f7938a9ea5f6e9c89a32 | have_cookie=1 | headers=["X-Powered-By: PHP\/8.2.12","Expires: Thu, 19 Nov 1981 08:52:00 GMT","Cache-Control: no-store, no-cache, must-revalidate","Pragma: no-cache"]
2025-10-21 20:10:27 TOKEN_INIT | ip=::1 | session=f7938a9ea5f6e9c89a32 | have_cookie=1 | headers=["X-Powered-By: PHP\/8.2.12","Expires: Thu, 19 Nov 1981 08:52:00 GMT","Cache-Control: no-store, no-cache, must-revalidate","Pragma: no-cache"]
2025-10-21 22:51:42 TOKEN_INIT | ip=::1 | session=f7938a9ea5f6e9c89a32 | have_cookie=1 | headers=["X-Powered-By: PHP\/8.2.12","Expires: Thu, 19 Nov 1981 08:52:00 GMT","Cache-Control: no-store, no-cache, must-revalidate","Pragma: no-cache"]
2025-10-21 23:00:55 TOKEN_INIT | ip=::1 | session=f7938a9ea5f6e9c89a32 | have_cookie=1 | headers=["X-Powered-By: PHP\/8.2.12","Expires: Thu, 19 Nov 1981 08:52:00 GMT","Cache-Control: no-store, no-cache, must-revalidate","Pragma: no-cache"]
2025-10-21 23:01:17 TOKEN_INIT | ip=::1 | session=f7938a9ea5f6e9c89a32 | have_cookie=1 | headers=["X-Powered-By: PHP\/8.2.12","Expires: Thu, 19 Nov 1981 08:52:00 GMT","Cache-Control: no-store, no-cache, must-revalidate","Pragma: no-cache"]
2025-10-21 23:01:20 TOKEN_INIT | ip=::1 | session=f7938a9ea5f6e9c89a32 | have_cookie=1 | headers=["X-Powered-By: PHP\/8.2.12","Expires: Thu, 19 Nov 1981 08:52:00 GMT","Cache-Control: no-store, no-cache, must-revalidate","Pragma: no-cache"]
2025-10-21 23:01:23 TOKEN_INIT | ip=::1 | session=f7938a9ea5f6e9c89a32 | have_cookie=1 | headers=["X-Powered-By: PHP\/8.2.12","Expires: Thu, 19 Nov 1981 08:52:00 GMT","Cache-Control: no-store, no-cache, must-revalidate","Pragma: no-cache"]
2025-10-21 23:01:26 TOKEN_INIT | ip=::1 | session=f7938a9ea5f6e9c89a32 | have_cookie=1 | headers=["X-Powered-By: PHP\/8.2.12","Expires: Thu, 19 Nov 1981 08:52:00 GMT","Cache-Control: no-store, no-cache, must-revalidate","Pragma: no-cache"]
2025-10-21 23:02:26 TOKEN_INIT | ip=::1 | session=f7938a9ea5f6e9c89a32 | have_cookie=1 | headers=["X-Powered-By: PHP\/8.2.12","Expires: Thu, 19 Nov 1981 08:52:00 GMT","Cache-Control: no-store, no-cache, must-revalidate","Pragma: no-cache"]
2025-10-21 23:09:22 TOKEN_INIT | ip=::1 | session=f7938a9ea5f6e9c89a32 | have_cookie=1 | headers=["X-Powered-By: PHP\/8.2.12","Expires: Thu, 19 Nov 1981 08:52:00 GMT","Cache-Control: no-store, no-cache, must-revalidate","Pragma: no-cache"]
2025-10-21 23:09:33 TOKEN_INIT | ip=::1 | session=f7938a9ea5f6e9c89a32 | have_cookie=1 | headers=["X-Powered-By: PHP\/8.2.12","Expires: Thu, 19 Nov 1981 08:52:00 GMT","Cache-Control: no-store, no-cache, must-revalidate","Pragma: no-cache"]
2025-10-21 23:19:22 TOKEN_INIT | ip=::1 | session=f7938a9ea5f6e9c89a32 | have_cookie=1 | headers=["X-Powered-By: PHP\/8.2.12","Expires: Thu, 19 Nov 1981 08:52:00 GMT","Cache-Control: no-store, no-cache, must-revalidate","Pragma: no-cache"]
2025-10-21 23:19:43 TOKEN_INIT | ip=::1 | session=f7938a9ea5f6e9c89a32 | have_cookie=1 | headers=["X-Powered-By: PHP\/8.2.12","Expires: Thu, 19 Nov 1981 08:52:00 GMT","Cache-Control: no-store, no-cache, must-revalidate","Pragma: no-cache"]
2025-10-21 23:23:52 TOKEN_INIT | ip=::1 | session=f7938a9ea5f6e9c89a32 | have_cookie=1 | headers=["X-Powered-By: PHP\/8.2.12","Expires: Thu, 19 Nov 1981 08:52:00 GMT","Cache-Control: no-store, no-cache, must-revalidate","Pragma: no-cache"]
2025-10-21 23:32:32 TOKEN_INIT | ip=::1 | session=f7938a9ea5f6e9c89a32 | have_cookie=1 | headers=["X-Powered-By: PHP\/8.2.12","Expires: Thu, 19 Nov 1981 08:52:00 GMT","Cache-Control: no-store, no-cache, must-revalidate","Pragma: no-cache"]
2025-10-21 23:32:36 TOKEN_INIT | ip=::1 | session=f7938a9ea5f6e9c89a32 | have_cookie=1 | headers=["X-Powered-By: PHP\/8.2.12","Expires: Thu, 19 Nov 1981 08:52:00 GMT","Cache-Control: no-store, no-cache, must-revalidate","Pragma: no-cache"]
2025-10-21 23:32:41 TOKEN_INIT | ip=::1 | session=f7938a9ea5f6e9c89a32 | have_cookie=1 | headers=["X-Powered-By: PHP\/8.2.12","Expires: Thu, 19 Nov 1981 08:52:00 GMT","Cache-Control: no-store, no-cache, must-revalidate","Pragma: no-cache"]
2025-10-21 23:34:30 TOKEN_INIT | ip=::1 | session=f7938a9ea5f6e9c89a32 | have_cookie=1 | headers=["X-Powered-By: PHP\/8.2.12","Expires: Thu, 19 Nov 1981 08:52:00 GMT","Cache-Control: no-store, no-cache, must-revalidate","Pragma: no-cache"]
2025-10-21 23:34:32 TOKEN_INIT | ip=::1 | session=f7938a9ea5f6e9c89a32 | have_cookie=1 | headers=["X-Powered-By: PHP\/8.2.12","Expires: Thu, 19 Nov 1981 08:52:00 GMT","Cache-Control: no-store, no-cache, must-revalidate","Pragma: no-cache"]
2025-10-21 23:37:04 TOKEN_INIT | ip=::1 | session=f7938a9ea5f6e9c89a32 | have_cookie=1 | headers=["X-Powered-By: PHP\/8.2.12","Expires: Thu, 19 Nov 1981 08:52:00 GMT","Cache-Control: no-store, no-cache, must-revalidate","Pragma: no-cache"]
2025-10-21 23:37:45 TOKEN_INIT | ip=::1 | session=f7938a9ea5f6e9c89a32 | have_cookie=1 | headers=["X-Powered-By: PHP\/8.2.12","Expires: Thu, 19 Nov 1981 08:52:00 GMT","Cache-Control: no-store, no-cache, must-revalidate","Pragma: no-cache"]
2025-10-21 23:38:03 TOKEN_INIT | ip=::1 | session=f7938a9ea5f6e9c89a32 | have_cookie=1 | headers=["X-Powered-By: PHP\/8.2.12","Expires: Thu, 19 Nov 1981 08:52:00 GMT","Cache-Control: no-store, no-cache, must-revalidate","Pragma: no-cache"]
2025-10-21 23:38:07 TOKEN_INIT | ip=::1 | session=f7938a9ea5f6e9c89a32 | have_cookie=1 | headers=["X-Powered-By: PHP\/8.2.12","Expires: Thu, 19 Nov 1981 08:52:00 GMT","Cache-Control: no-store, no-cache, must-revalidate","Pragma: no-cache"]
2025-10-21 23:38:15 TOKEN_INIT | ip=::1 | session=f7938a9ea5f6e9c89a32 | have_cookie=1 | headers=["X-Powered-By: PHP\/8.2.12","Expires: Thu, 19 Nov 1981 08:52:00 GMT","Cache-Control: no-store, no-cache, must-revalidate","Pragma: no-cache"]
2025-10-21 23:38:18 TOKEN_INIT | ip=::1 | session=f7938a9ea5f6e9c89a32 | have_cookie=1 | headers=["X-Powered-By: PHP\/8.2.12","Expires: Thu, 19 Nov 1981 08:52:00 GMT","Cache-Control: no-store, no-cache, must-revalidate","Pragma: no-cache"]
2025-10-21 23:38:21 TOKEN_INIT | ip=::1 | session=f7938a9ea5f6e9c89a32 | have_cookie=1 | headers=["X-Powered-By: PHP\/8.2.12","Expires: Thu, 19 Nov 1981 08:52:00 GMT","Cache-Control: no-store, no-cache, must-revalidate","Pragma: no-cache"]
2025-10-21 23:38:30 TOKEN_INIT | ip=::1 | session=f7938a9ea5f6e9c89a32 | have_cookie=1 | headers=["X-Powered-By: PHP\/8.2.12","Expires: Thu, 19 Nov 1981 08:52:00 GMT","Cache-Control: no-store, no-cache, must-revalidate","Pragma: no-cache"]
2025-10-21 23:40:15 TOKEN_INIT | ip=::1 | session=f7938a9ea5f6e9c89a32 | have_cookie=1 | headers=["X-Powered-By: PHP\/8.2.12","Expires: Thu, 19 Nov 1981 08:52:00 GMT","Cache-Control: no-store, no-cache, must-revalidate","Pragma: no-cache"]
2025-10-21 23:40:24 TOKEN_INIT | ip=::1 | session=f7938a9ea5f6e9c89a32 | have_cookie=1 | headers=["X-Powered-By: PHP\/8.2.12","Expires: Thu, 19 Nov 1981 08:52:00 GMT","Cache-Control: no-store, no-cache, must-revalidate","Pragma: no-cache"]
2025-10-21 23:40:29 TOKEN_INIT | ip=::1 | session=f7938a9ea5f6e9c89a32 | have_cookie=1 | headers=["X-Powered-By: PHP\/8.2.12","Expires: Thu, 19 Nov 1981 08:52:00 GMT","Cache-Control: no-store, no-cache, must-revalidate","Pragma: no-cache"]
2025-10-21 23:40:39 TOKEN_INIT | ip=::1 | session=f7938a9ea5f6e9c89a32 | have_cookie=1 | headers=["X-Powered-By: PHP\/8.2.12","Expires: Thu, 19 Nov 1981 08:52:00 GMT","Cache-Control: no-store, no-cache, must-revalidate","Pragma: no-cache"]
2025-10-21 23:41:13 TOKEN_INIT | ip=::1 | session=f7938a9ea5f6e9c89a32 | have_cookie=1 | headers=["X-Powered-By: PHP\/8.2.12","Expires: Thu, 19 Nov 1981 08:52:00 GMT","Cache-Control: no-store, no-cache, must-revalidate","Pragma: no-cache"]
2025-10-21 23:41:29 TOKEN_INIT | ip=::1 | session=f7938a9ea5f6e9c89a32 | have_cookie=1 | headers=["X-Powered-By: PHP\/8.2.12","Expires: Thu, 19 Nov 1981 08:52:00 GMT","Cache-Control: no-store, no-cache, must-revalidate","Pragma: no-cache"]
2025-10-21 23:41:43 TOKEN_INIT | ip=::1 | session=f7938a9ea5f6e9c89a32 | have_cookie=1 | headers=["X-Powered-By: PHP\/8.2.12","Expires: Thu, 19 Nov 1981 08:52:00 GMT","Cache-Control: no-store, no-cache, must-revalidate","Pragma: no-cache"]
2025-10-21 23:41:57 TOKEN_INIT | ip=::1 | session=f7938a9ea5f6e9c89a32 | have_cookie=1 | headers=["X-Powered-By: PHP\/8.2.12","Expires: Thu, 19 Nov 1981 08:52:00 GMT","Cache-Control: no-store, no-cache, must-revalidate","Pragma: no-cache"]
2025-10-21 23:42:22 TOKEN_INIT | ip=::1 | session=f7938a9ea5f6e9c89a32 | have_cookie=1 | headers=["X-Powered-By: PHP\/8.2.12","Expires: Thu, 19 Nov 1981 08:52:00 GMT","Cache-Control: no-store, no-cache, must-revalidate","Pragma: no-cache"]
2025-10-21 23:42:26 TOKEN_INIT | ip=::1 | session=f7938a9ea5f6e9c89a32 | have_cookie=1 | headers=["X-Powered-By: PHP\/8.2.12","Expires: Thu, 19 Nov 1981 08:52:00 GMT","Cache-Control: no-store, no-cache, must-revalidate","Pragma: no-cache"]
2025-10-21 23:45:55 TOKEN_INIT | ip=::1 | session=f7938a9ea5f6e9c89a32 | have_cookie=1 | headers=["X-Powered-By: PHP\/8.2.12","Expires: Thu, 19 Nov 1981 08:52:00 GMT","Cache-Control: no-store, no-cache, must-revalidate","Pragma: no-cache"]
2025-10-21 23:48:09 TOKEN_INIT | ip=::1 | session=f7938a9ea5f6e9c89a32 | have_cookie=1 | headers=["X-Powered-By: PHP\/8.2.12","Expires: Thu, 19 Nov 1981 08:52:00 GMT","Cache-Control: no-store, no-cache, must-revalidate","Pragma: no-cache"]
2025-10-21 23:50:08 TOKEN_INIT | ip=::1 | session=f7938a9ea5f6e9c89a32 | have_cookie=1 | headers=["X-Powered-By: PHP\/8.2.12","Expires: Thu, 19 Nov 1981 08:52:00 GMT","Cache-Control: no-store, no-cache, must-revalidate","Pragma: no-cache"]
2025-10-21 23:55:27 TOKEN_INIT | ip=::1 | session=f7938a9ea5f6e9c89a32 | have_cookie=1 | headers=["X-Powered-By: PHP\/8.2.12","Expires: Thu, 19 Nov 1981 08:52:00 GMT","Cache-Control: no-store, no-cache, must-revalidate","Pragma: no-cache"]
2025-10-21 23:55:49 TOKEN_INIT | ip=::1 | session=f7938a9ea5f6e9c89a32 | have_cookie=1 | headers=["X-Powered-By: PHP\/8.2.12","Expires: Thu, 19 Nov 1981 08:52:00 GMT","Cache-Control: no-store, no-cache, must-revalidate","Pragma: no-cache"]
2025-10-21 23:56:00 TOKEN_INIT | ip=::1 | session=f7938a9ea5f6e9c89a32 | have_cookie=1 | headers=["X-Powered-By: PHP\/8.2.12","Expires: Thu, 19 Nov 1981 08:52:00 GMT","Cache-Control: no-store, no-cache, must-revalidate","Pragma: no-cache"]
2025-10-22 00:00:17 TOKEN_INIT | ip=::1 | session=f7938a9ea5f6e9c89a32 | have_cookie=1 | headers=["X-Powered-By: PHP\/8.2.12","Expires: Thu, 19 Nov 1981 08:52:00 GMT","Cache-Control: no-store, no-cache, must-revalidate","Pragma: no-cache"]
2025-10-22 00:01:59 TOKEN_INIT | ip=::1 | session=f7938a9ea5f6e9c89a32 | have_cookie=1 | headers=["X-Powered-By: PHP\/8.2.12","Expires: Thu, 19 Nov 1981 08:52:00 GMT","Cache-Control: no-store, no-cache, must-revalidate","Pragma: no-cache"]
2025-10-22 00:02:54 TOKEN_INIT | ip=::1 | session=f7938a9ea5f6e9c89a32 | have_cookie=1 | headers=["X-Powered-By: PHP\/8.2.12","Expires: Thu, 19 Nov 1981 08:52:00 GMT","Cache-Control: no-store, no-cache, must-revalidate","Pragma: no-cache"]
2025-10-22 11:47:45 TOKEN_INIT | ip=::1 | session=35cd4b7288343c3f6316 | have_cookie=0 | headers=["X-Powered-By: PHP\/8.2.12","Expires: Thu, 19 Nov 1981 08:52:00 GMT","Cache-Control: no-store, no-cache, must-revalidate","Pragma: no-cache","Set-Cookie: csrf_add_staff=35cd4b7288343c3f63160077d86814
2025-10-22 11:49:02 TOKEN_INIT | ip=::1 | session=35cd4b7288343c3f6316 | have_cookie=1 | headers=["X-Powered-By: PHP\/8.2.12","Expires: Thu, 19 Nov 1981 08:52:00 GMT","Cache-Control: no-store, no-cache, must-revalidate","Pragma: no-cache"]
2025-10-22 11:49:05 TOKEN_INIT | ip=::1 | session=35cd4b7288343c3f6316 | have_cookie=1 | headers=["X-Powered-By: PHP\/8.2.12","Expires: Thu, 19 Nov 1981 08:52:00 GMT","Cache-Control: no-store, no-cache, must-revalidate","Pragma: no-cache"]
2025-10-22 11:50:11 TOKEN_INIT | ip=::1 | session=35cd4b7288343c3f6316 | have_cookie=1 | headers=["X-Powered-By: PHP\/8.2.12","Expires: Thu, 19 Nov 1981 08:52:00 GMT","Cache-Control: no-store, no-cache, must-revalidate","Pragma: no-cache"]
2025-10-22 11:50:23 TOKEN_INIT | ip=::1 | session=35cd4b7288343c3f6316 | have_cookie=1 | headers=["X-Powered-By: PHP\/8.2.12","Expires: Thu, 19 Nov 1981 08:52:00 GMT","Cache-Control: no-store, no-cache, must-revalidate","Pragma: no-cache"]
2025-10-22 12:06:47 TOKEN_INIT | ip=::1 | session=35cd4b7288343c3f6316 | have_cookie=1 | headers=["X-Powered-By: PHP\/8.2.12","Expires: Thu, 19 Nov 1981 08:52:00 GMT","Cache-Control: no-store, no-cache, must-revalidate","Pragma: no-cache"]
2025-10-22 12:07:05 TOKEN_INIT | ip=::1 | session=35cd4b7288343c3f6316 | have_cookie=1 | headers=["X-Powered-By: PHP\/8.2.12","Expires: Thu, 19 Nov 1981 08:52:00 GMT","Cache-Control: no-store, no-cache, must-revalidate","Pragma: no-cache"]
2025-10-22 12:08:06 TOKEN_INIT | ip=::1 | session=35cd4b7288343c3f6316 | have_cookie=1 | headers=["X-Powered-By: PHP\/8.2.12","Expires: Thu, 19 Nov 1981 08:52:00 GMT","Cache-Control: no-store, no-cache, must-revalidate","Pragma: no-cache"]
2025-10-22 12:08:26 TOKEN_INIT | ip=::1 | session=35cd4b7288343c3f6316 | have_cookie=1 | headers=["X-Powered-By: PHP\/8.2.12","Expires: Thu, 19 Nov 1981 08:52:00 GMT","Cache-Control: no-store, no-cache, must-revalidate","Pragma: no-cache"]
2025-10-22 12:11:59 TOKEN_INIT | ip=::1 | session=35cd4b7288343c3f6316 | have_cookie=1 | headers=["X-Powered-By: PHP\/8.2.12","Expires: Thu, 19 Nov 1981 08:52:00 GMT","Cache-Control: no-store, no-cache, must-revalidate","Pragma: no-cache"]
2025-10-22 12:12:40 TOKEN_INIT | ip=::1 | session=35cd4b7288343c3f6316 | have_cookie=1 | headers=["X-Powered-By: PHP\/8.2.12","Expires: Thu, 19 Nov 1981 08:52:00 GMT","Cache-Control: no-store, no-cache, must-revalidate","Pragma: no-cache"]
2025-10-22 12:13:03 TOKEN_INIT | ip=::1 | session=35cd4b7288343c3f6316 | have_cookie=1 | headers=["X-Powered-By: PHP\/8.2.12","Expires: Thu, 19 Nov 1981 08:52:00 GMT","Cache-Control: no-store, no-cache, must-revalidate","Pragma: no-cache"]
2025-10-22 12:13:12 TOKEN_INIT | ip=::1 | session=35cd4b7288343c3f6316 | have_cookie=1 | headers=["X-Powered-By: PHP\/8.2.12","Expires: Thu, 19 Nov 1981 08:52:00 GMT","Cache-Control: no-store, no-cache, must-revalidate","Pragma: no-cache"]
2025-10-22 12:13:36 TOKEN_INIT | ip=::1 | session=35cd4b7288343c3f6316 | have_cookie=1 | headers=["X-Powered-By: PHP\/8.2.12","Expires: Thu, 19 Nov 1981 08:52:00 GMT","Cache-Control: no-store, no-cache, must-revalidate","Pragma: no-cache"]
2025-10-22 12:13:53 TOKEN_INIT | ip=::1 | session=35cd4b7288343c3f6316 | have_cookie=1 | headers=["X-Powered-By: PHP\/8.2.12","Expires: Thu, 19 Nov 1981 08:52:00 GMT","Cache-Control: no-store, no-cache, must-revalidate","Pragma: no-cache"]
2025-10-22 12:14:32 TOKEN_INIT | ip=::1 | session=35cd4b7288343c3f6316 | have_cookie=1 | headers=["X-Powered-By: PHP\/8.2.12","Expires: Thu, 19 Nov 1981 08:52:00 GMT","Cache-Control: no-store, no-cache, must-revalidate","Pragma: no-cache"]
2025-10-22 12:15:02 TOKEN_INIT | ip=::1 | session=35cd4b7288343c3f6316 | have_cookie=1 | headers=["X-Powered-By: PHP\/8.2.12","Expires: Thu, 19 Nov 1981 08:52:00 GMT","Cache-Control: no-store, no-cache, must-revalidate","Pragma: no-cache"]
2025-10-22 12:17:13 TOKEN_INIT | ip=::1 | session=35cd4b7288343c3f6316 | have_cookie=1 | headers=["X-Powered-By: PHP\/8.2.12","Expires: Thu, 19 Nov 1981 08:52:00 GMT","Cache-Control: no-store, no-cache, must-revalidate","Pragma: no-cache"]
2025-10-22 12:17:31 TOKEN_INIT | ip=::1 | session=35cd4b7288343c3f6316 | have_cookie=1 | headers=["X-Powered-By: PHP\/8.2.12","Expires: Thu, 19 Nov 1981 08:52:00 GMT","Cache-Control: no-store, no-cache, must-revalidate","Pragma: no-cache"]
2025-10-22 12:21:22 TOKEN_INIT | ip=::1 | session=35cd4b7288343c3f6316 | have_cookie=1 | headers=["X-Powered-By: PHP\/8.2.12","Expires: Thu, 19 Nov 1981 08:52:00 GMT","Cache-Control: no-store, no-cache, must-revalidate","Pragma: no-cache"]
2025-10-22 12:21:56 TOKEN_INIT | ip=::1 | session=35cd4b7288343c3f6316 | have_cookie=1 | headers=["X-Powered-By: PHP\/8.2.12","Expires: Thu, 19 Nov 1981 08:52:00 GMT","Cache-Control: no-store, no-cache, must-revalidate","Pragma: no-cache"]
2025-10-22 12:24:26 TOKEN_INIT | ip=::1 | session=35cd4b7288343c3f6316 | have_cookie=1 | headers=["X-Powered-By: PHP\/8.2.12","Expires: Thu, 19 Nov 1981 08:52:00 GMT","Cache-Control: no-store, no-cache, must-revalidate","Pragma: no-cache"]
2025-10-22 12:28:15 TOKEN_INIT | ip=::1 | session=35cd4b7288343c3f6316 | have_cookie=1 | headers=["X-Powered-By: PHP\/8.2.12","Expires: Thu, 19 Nov 1981 08:52:00 GMT","Cache-Control: no-store, no-cache, must-revalidate","Pragma: no-cache"]
2025-10-22 12:28:23 TOKEN_INIT | ip=::1 | session=35cd4b7288343c3f6316 | have_cookie=1 | headers=["X-Powered-By: PHP\/8.2.12","Expires: Thu, 19 Nov 1981 08:52:00 GMT","Cache-Control: no-store, no-cache, must-revalidate","Pragma: no-cache"]
2025-10-22 12:43:24 TOKEN_INIT | ip=::1 | session=35cd4b7288343c3f6316 | have_cookie=1 | headers=["X-Powered-By: PHP\/8.2.12","Expires: Thu, 19 Nov 1981 08:52:00 GMT","Cache-Control: no-store, no-cache, must-revalidate","Pragma: no-cache"]
2025-10-22 12:47:14 TOKEN_INIT | ip=::1 | session=35cd4b7288343c3f6316 | have_cookie=1 | headers=["X-Powered-By: PHP\/8.2.12","Expires: Thu, 19 Nov 1981 08:52:00 GMT","Cache-Control: no-store, no-cache, must-revalidate","Pragma: no-cache"]
2025-10-22 12:50:02 TOKEN_INIT | ip=::1 | session=35cd4b7288343c3f6316 | have_cookie=1 | headers=["X-Powered-By: PHP\/8.2.12","Expires: Thu, 19 Nov 1981 08:52:00 GMT","Cache-Control: no-store, no-cache, must-revalidate","Pragma: no-cache"]
2025-10-22 12:52:13 TOKEN_INIT | ip=::1 | session=35cd4b7288343c3f6316 | have_cookie=1 | headers=["X-Powered-By: PHP\/8.2.12","Expires: Thu, 19 Nov 1981 08:52:00 GMT","Cache-Control: no-store, no-cache, must-revalidate","Pragma: no-cache"]
2025-10-22 12:53:08 TOKEN_INIT | ip=::1 | session=35cd4b7288343c3f6316 | have_cookie=1 | headers=["X-Powered-By: PHP\/8.2.12","Expires: Thu, 19 Nov 1981 08:52:00 GMT","Cache-Control: no-store, no-cache, must-revalidate","Pragma: no-cache"]
2025-10-22 12:53:48 TOKEN_INIT | ip=::1 | session=35cd4b7288343c3f6316 | have_cookie=1 | headers=["X-Powered-By: PHP\/8.2.12","Expires: Thu, 19 Nov 1981 08:52:00 GMT","Cache-Control: no-store, no-cache, must-revalidate","Pragma: no-cache"]
2025-10-22 12:54:01 TOKEN_INIT | ip=::1 | session=35cd4b7288343c3f6316 | have_cookie=1 | headers=["X-Powered-By: PHP\/8.2.12","Expires: Thu, 19 Nov 1981 08:52:00 GMT","Cache-Control: no-store, no-cache, must-revalidate","Pragma: no-cache"]
2025-10-22 12:55:02 TOKEN_INIT | ip=::1 | session=35cd4b7288343c3f6316 | have_cookie=1 | headers=["X-Powered-By: PHP\/8.2.12","Expires: Thu, 19 Nov 1981 08:52:00 GMT","Cache-Control: no-store, no-cache, must-revalidate","Pragma: no-cache"]
2025-10-22 12:55:59 TOKEN_INIT | ip=::1 | session=35cd4b7288343c3f6316 | have_cookie=1 | headers=["X-Powered-By: PHP\/8.2.12","Expires: Thu, 19 Nov 1981 08:52:00 GMT","Cache-Control: no-store, no-cache, must-revalidate","Pragma: no-cache"]
2025-10-22 12:56:36 TOKEN_INIT | ip=::1 | session=35cd4b7288343c3f6316 | have_cookie=1 | headers=["X-Powered-By: PHP\/8.2.12","Expires: Thu, 19 Nov 1981 08:52:00 GMT","Cache-Control: no-store, no-cache, must-revalidate","Pragma: no-cache"]
2025-10-22 12:56:52 TOKEN_INIT | ip=::1 | session=35cd4b7288343c3f6316 | have_cookie=1 | headers=["X-Powered-By: PHP\/8.2.12","Expires: Thu, 19 Nov 1981 08:52:00 GMT","Cache-Control: no-store, no-cache, must-revalidate","Pragma: no-cache"]
2025-10-22 12:56:55 TOKEN_INIT | ip=::1 | session=35cd4b7288343c3f6316 | have_cookie=1 | headers=["X-Powered-By: PHP\/8.2.12","Expires: Thu, 19 Nov 1981 08:52:00 GMT","Cache-Control: no-store, no-cache, must-revalidate","Pragma: no-cache"]
2025-10-22 12:57:08 TOKEN_INIT | ip=::1 | session=35cd4b7288343c3f6316 | have_cookie=1 | headers=["X-Powered-By: PHP\/8.2.12","Expires: Thu, 19 Nov 1981 08:52:00 GMT","Cache-Control: no-store, no-cache, must-revalidate","Pragma: no-cache"]
2025-10-22 12:57:13 TOKEN_INIT | ip=::1 | session=35cd4b7288343c3f6316 | have_cookie=1 | headers=["X-Powered-By: PHP\/8.2.12","Expires: Thu, 19 Nov 1981 08:52:00 GMT","Cache-Control: no-store, no-cache, must-revalidate","Pragma: no-cache"]
2025-10-22 12:57:33 TOKEN_INIT | ip=::1 | session=35cd4b7288343c3f6316 | have_cookie=1 | headers=["X-Powered-By: PHP\/8.2.12","Expires: Thu, 19 Nov 1981 08:52:00 GMT","Cache-Control: no-store, no-cache, must-revalidate","Pragma: no-cache"]
2025-10-22 12:59:48 TOKEN_INIT | ip=::1 | session=35cd4b7288343c3f6316 | have_cookie=1 | headers=["X-Powered-By: PHP\/8.2.12","Expires: Thu, 19 Nov 1981 08:52:00 GMT","Cache-Control: no-store, no-cache, must-revalidate","Pragma: no-cache"]
2025-10-22 13:00:03 TOKEN_INIT | ip=::1 | session=35cd4b7288343c3f6316 | have_cookie=1 | headers=["X-Powered-By: PHP\/8.2.12","Expires: Thu, 19 Nov 1981 08:52:00 GMT","Cache-Control: no-store, no-cache, must-revalidate","Pragma: no-cache"]
2025-10-22 13:00:59 TOKEN_INIT | ip=::1 | session=35cd4b7288343c3f6316 | have_cookie=1 | headers=["X-Powered-By: PHP\/8.2.12","Expires: Thu, 19 Nov 1981 08:52:00 GMT","Cache-Control: no-store, no-cache, must-revalidate","Pragma: no-cache"]
2025-10-22 13:04:06 TOKEN_INIT | ip=::1 | session=35cd4b7288343c3f6316 | have_cookie=1 | headers=["X-Powered-By: PHP\/8.2.12","Expires: Thu, 19 Nov 1981 08:52:00 GMT","Cache-Control: no-store, no-cache, must-revalidate","Pragma: no-cache"]
2025-10-22 13:08:03 TOKEN_INIT | ip=::1 | session=35cd4b7288343c3f6316 | have_cookie=1 | headers=["X-Powered-By: PHP\/8.2.12","Expires: Thu, 19 Nov 1981 08:52:00 GMT","Cache-Control: no-store, no-cache, must-revalidate","Pragma: no-cache"]
2025-10-22 13:08:10 TOKEN_INIT | ip=::1 | session=35cd4b7288343c3f6316 | have_cookie=1 | headers=["X-Powered-By: PHP\/8.2.12","Expires: Thu, 19 Nov 1981 08:52:00 GMT","Cache-Control: no-store, no-cache, must-revalidate","Pragma: no-cache"]
2025-10-22 13:10:06 TOKEN_INIT | ip=::1 | session=35cd4b7288343c3f6316 | have_cookie=1 | headers=["X-Powered-By: PHP\/8.2.12","Expires: Thu, 19 Nov 1981 08:52:00 GMT","Cache-Control: no-store, no-cache, must-revalidate","Pragma: no-cache"]
2025-10-22 13:13:42 TOKEN_INIT | ip=::1 | session=35cd4b7288343c3f6316 | have_cookie=1 | headers=["X-Powered-By: PHP\/8.2.12","Expires: Thu, 19 Nov 1981 08:52:00 GMT","Cache-Control: no-store, no-cache, must-revalidate","Pragma: no-cache"]
2025-10-22 13:16:07 TOKEN_INIT | ip=::1 | session=35cd4b7288343c3f6316 | have_cookie=1 | headers=["X-Powered-By: PHP\/8.2.12","Expires: Thu, 19 Nov 1981 08:52:00 GMT","Cache-Control: no-store, no-cache, must-revalidate","Pragma: no-cache"]
2025-10-22 13:18:01 TOKEN_INIT | ip=::1 | session=35cd4b7288343c3f6316 | have_cookie=1 | headers=["X-Powered-By: PHP\/8.2.12","Expires: Thu, 19 Nov 1981 08:52:00 GMT","Cache-Control: no-store, no-cache, must-revalidate","Pragma: no-cache"]
2025-10-22 13:19:13 TOKEN_INIT | ip=::1 | session=35cd4b7288343c3f6316 | have_cookie=1 | headers=["X-Powered-By: PHP\/8.2.12","Expires: Thu, 19 Nov 1981 08:52:00 GMT","Cache-Control: no-store, no-cache, must-revalidate","Pragma: no-cache"]
2025-10-22 13:19:16 TOKEN_INIT | ip=::1 | session=35cd4b7288343c3f6316 | have_cookie=1 | headers=["X-Powered-By: PHP\/8.2.12","Expires: Thu, 19 Nov 1981 08:52:00 GMT","Cache-Control: no-store, no-cache, must-revalidate","Pragma: no-cache"]
2025-10-22 13:19:50 TOKEN_INIT | ip=::1 | session=35cd4b7288343c3f6316 | have_cookie=1 | headers=["X-Powered-By: PHP\/8.2.12","Expires: Thu, 19 Nov 1981 08:52:00 GMT","Cache-Control: no-store, no-cache, must-revalidate","Pragma: no-cache"]
2025-10-22 13:19:54 TOKEN_INIT | ip=::1 | session=35cd4b7288343c3f6316 | have_cookie=1 | headers=["X-Powered-By: PHP\/8.2.12","Expires: Thu, 19 Nov 1981 08:52:00 GMT","Cache-Control: no-store, no-cache, must-revalidate","Pragma: no-cache"]
2025-10-22 13:21:40 TOKEN_INIT | ip=::1 | session=35cd4b7288343c3f6316 | have_cookie=1 | headers=["X-Powered-By: PHP\/8.2.12","Expires: Thu, 19 Nov 1981 08:52:00 GMT","Cache-Control: no-store, no-cache, must-revalidate","Pragma: no-cache"]
2025-10-22 13:25:41 TOKEN_INIT | ip=::1 | session=35cd4b7288343c3f6316 | have_cookie=1 | headers=["X-Powered-By: PHP\/8.2.12","Expires: Thu, 19 Nov 1981 08:52:00 GMT","Cache-Control: no-store, no-cache, must-revalidate","Pragma: no-cache"]
2025-10-22 13:26:32 TOKEN_INIT | ip=::1 | session=35cd4b7288343c3f6316 | have_cookie=1 | headers=["X-Powered-By: PHP\/8.2.12","Expires: Thu, 19 Nov 1981 08:52:00 GMT","Cache-Control: no-store, no-cache, must-revalidate","Pragma: no-cache"]
2025-10-22 13:26:48 TOKEN_INIT | ip=::1 | session=35cd4b7288343c3f6316 | have_cookie=1 | headers=["X-Powered-By: PHP\/8.2.12","Expires: Thu, 19 Nov 1981 08:52:00 GMT","Cache-Control: no-store, no-cache, must-revalidate","Pragma: no-cache"]
2025-10-22 13:27:47 TOKEN_INIT | ip=::1 | session=35cd4b7288343c3f6316 | have_cookie=1 | headers=["X-Powered-By: PHP\/8.2.12","Expires: Thu, 19 Nov 1981 08:52:00 GMT","Cache-Control: no-store, no-cache, must-revalidate","Pragma: no-cache"]
2025-10-22 13:31:35 TOKEN_INIT | ip=::1 | session=35cd4b7288343c3f6316 | have_cookie=1 | headers=["X-Powered-By: PHP\/8.2.12","Expires: Thu, 19 Nov 1981 08:52:00 GMT","Cache-Control: no-store, no-cache, must-revalidate","Pragma: no-cache"]
2025-10-22 13:32:41 TOKEN_INIT | ip=::1 | session=35cd4b7288343c3f6316 | have_cookie=1 | headers=["X-Powered-By: PHP\/8.2.12","Expires: Thu, 19 Nov 1981 08:52:00 GMT","Cache-Control: no-store, no-cache, must-revalidate","Pragma: no-cache"]
2025-10-22 13:32:43 TOKEN_INIT | ip=::1 | session=35cd4b7288343c3f6316 | have_cookie=1 | headers=["X-Powered-By: PHP\/8.2.12","Expires: Thu, 19 Nov 1981 08:52:00 GMT","Cache-Control: no-store, no-cache, must-revalidate","Pragma: no-cache"]
2025-10-22 13:33:26 TOKEN_INIT | ip=::1 | session=35cd4b7288343c3f6316 | have_cookie=1 | headers=["X-Powered-By: PHP\/8.2.12","Expires: Thu, 19 Nov 1981 08:52:00 GMT","Cache-Control: no-store, no-cache, must-revalidate","Pragma: no-cache"]
2025-10-22 13:33:32 TOKEN_INIT | ip=::1 | session=35cd4b7288343c3f6316 | have_cookie=1 | headers=["X-Powered-By: PHP\/8.2.12","Expires: Thu, 19 Nov 1981 08:52:00 GMT","Cache-Control: no-store, no-cache, must-revalidate","Pragma: no-cache"]
2025-10-22 13:33:35 TOKEN_INIT | ip=::1 | session=35cd4b7288343c3f6316 | have_cookie=1 | headers=["X-Powered-By: PHP\/8.2.12","Expires: Thu, 19 Nov 1981 08:52:00 GMT","Cache-Control: no-store, no-cache, must-revalidate","Pragma: no-cache"]
2025-10-22 13:33:44 TOKEN_INIT | ip=::1 | session=35cd4b7288343c3f6316 | have_cookie=1 | headers=["X-Powered-By: PHP\/8.2.12","Expires: Thu, 19 Nov 1981 08:52:00 GMT","Cache-Control: no-store, no-cache, must-revalidate","Pragma: no-cache"]
2025-10-22 13:35:16 TOKEN_INIT | ip=::1 | session=35cd4b7288343c3f6316 | have_cookie=1 | headers=["X-Powered-By: PHP\/8.2.12","Expires: Thu, 19 Nov 1981 08:52:00 GMT","Cache-Control: no-store, no-cache, must-revalidate","Pragma: no-cache"]
2025-10-22 13:35:37 TOKEN_INIT | ip=::1 | session=35cd4b7288343c3f6316 | have_cookie=1 | headers=["X-Powered-By: PHP\/8.2.12","Expires: Thu, 19 Nov 1981 08:52:00 GMT","Cache-Control: no-store, no-cache, must-revalidate","Pragma: no-cache"]
2025-10-22 13:37:45 TOKEN_INIT | ip=::1 | session=35cd4b7288343c3f6316 | have_cookie=1 | headers=["X-Powered-By: PHP\/8.2.12","Expires: Thu, 19 Nov 1981 08:52:00 GMT","Cache-Control: no-store, no-cache, must-revalidate","Pragma: no-cache"]
2025-10-22 13:37:54 TOKEN_INIT | ip=::1 | session=35cd4b7288343c3f6316 | have_cookie=1 | headers=["X-Powered-By: PHP\/8.2.12","Expires: Thu, 19 Nov 1981 08:52:00 GMT","Cache-Control: no-store, no-cache, must-revalidate","Pragma: no-cache"]
2025-10-22 13:39:06 TOKEN_INIT | ip=::1 | session=35cd4b7288343c3f6316 | have_cookie=1 | headers=["X-Powered-By: PHP\/8.2.12","Expires: Thu, 19 Nov 1981 08:52:00 GMT","Cache-Control: no-store, no-cache, must-revalidate","Pragma: no-cache"]
2025-10-22 13:39:19 TOKEN_INIT | ip=::1 | session=35cd4b7288343c3f6316 | have_cookie=1 | headers=["X-Powered-By: PHP\/8.2.12","Expires: Thu, 19 Nov 1981 08:52:00 GMT","Cache-Control: no-store, no-cache, must-revalidate","Pragma: no-cache"]
2025-10-22 15:26:39 TOKEN_INIT | ip=::1 | session=35cd4b7288343c3f6316 | have_cookie=1 | headers=["X-Powered-By: PHP\/8.2.12","Expires: Thu, 19 Nov 1981 08:52:00 GMT","Cache-Control: no-store, no-cache, must-revalidate","Pragma: no-cache"]
2025-10-22 15:28:54 TOKEN_INIT | ip=::1 | session=35cd4b7288343c3f6316 | have_cookie=1 | headers=["X-Powered-By: PHP\/8.2.12","Expires: Thu, 19 Nov 1981 08:52:00 GMT","Cache-Control: no-store, no-cache, must-revalidate","Pragma: no-cache"]
2025-10-22 15:29:11 TOKEN_INIT | ip=::1 | session=35cd4b7288343c3f6316 | have_cookie=1 | headers=["X-Powered-By: PHP\/8.2.12","Expires: Thu, 19 Nov 1981 08:52:00 GMT","Cache-Control: no-store, no-cache, must-revalidate","Pragma: no-cache"]
2025-10-22 15:31:28 TOKEN_INIT | ip=::1 | session=35cd4b7288343c3f6316 | have_cookie=1 | headers=["X-Powered-By: PHP\/8.2.12","Expires: Thu, 19 Nov 1981 08:52:00 GMT","Cache-Control: no-store, no-cache, must-revalidate","Pragma: no-cache"]
2025-10-22 15:34:58 TOKEN_INIT | ip=::1 | session=35cd4b7288343c3f6316 | have_cookie=1 | headers=["X-Powered-By: PHP\/8.2.12","Expires: Thu, 19 Nov 1981 08:52:00 GMT","Cache-Control: no-store, no-cache, must-revalidate","Pragma: no-cache"]
2025-10-22 15:37:32 TOKEN_INIT | ip=::1 | session=35cd4b7288343c3f6316 | have_cookie=1 | headers=["X-Powered-By: PHP\/8.2.12","Expires: Thu, 19 Nov 1981 08:52:00 GMT","Cache-Control: no-store, no-cache, must-revalidate","Pragma: no-cache"]
2025-10-22 15:37:50 TOKEN_INIT | ip=::1 | session=35cd4b7288343c3f6316 | have_cookie=1 | headers=["X-Powered-By: PHP\/8.2.12","Expires: Thu, 19 Nov 1981 08:52:00 GMT","Cache-Control: no-store, no-cache, must-revalidate","Pragma: no-cache"]
2025-10-22 15:40:25 TOKEN_INIT | ip=::1 | session=35cd4b7288343c3f6316 | have_cookie=1 | headers=["X-Powered-By: PHP\/8.2.12","Expires: Thu, 19 Nov 1981 08:52:00 GMT","Cache-Control: no-store, no-cache, must-revalidate","Pragma: no-cache"]
2025-10-22 15:42:28 TOKEN_INIT | ip=::1 | session=35cd4b7288343c3f6316 | have_cookie=1 | headers=["X-Powered-By: PHP\/8.2.12","Expires: Thu, 19 Nov 1981 08:52:00 GMT","Cache-Control: no-store, no-cache, must-revalidate","Pragma: no-cache"]
2025-10-22 15:44:20 TOKEN_INIT | ip=::1 | session=35cd4b7288343c3f6316 | have_cookie=1 | headers=["X-Powered-By: PHP\/8.2.12","Expires: Thu, 19 Nov 1981 08:52:00 GMT","Cache-Control: no-store, no-cache, must-revalidate","Pragma: no-cache"]
2025-10-22 15:45:31 TOKEN_INIT | ip=::1 | session=35cd4b7288343c3f6316 | have_cookie=1 | headers=["X-Powered-By: PHP\/8.2.12","Expires: Thu, 19 Nov 1981 08:52:00 GMT","Cache-Control: no-store, no-cache, must-revalidate","Pragma: no-cache"]
2025-10-22 15:47:38 TOKEN_INIT | ip=::1 | session=35cd4b7288343c3f6316 | have_cookie=1 | headers=["X-Powered-By: PHP\/8.2.12","Expires: Thu, 19 Nov 1981 08:52:00 GMT","Cache-Control: no-store, no-cache, must-revalidate","Pragma: no-cache"]
2025-10-22 15:48:07 TOKEN_INIT | ip=::1 | session=35cd4b7288343c3f6316 | have_cookie=1 | headers=["X-Powered-By: PHP\/8.2.12","Expires: Thu, 19 Nov 1981 08:52:00 GMT","Cache-Control: no-store, no-cache, must-revalidate","Pragma: no-cache"]
2025-10-22 15:48:19 TOKEN_INIT | ip=::1 | session=35cd4b7288343c3f6316 | have_cookie=1 | headers=["X-Powered-By: PHP\/8.2.12","Expires: Thu, 19 Nov 1981 08:52:00 GMT","Cache-Control: no-store, no-cache, must-revalidate","Pragma: no-cache"]
2025-10-22 15:48:34 TOKEN_INIT | ip=::1 | session=35cd4b7288343c3f6316 | have_cookie=1 | headers=["X-Powered-By: PHP\/8.2.12","Expires: Thu, 19 Nov 1981 08:52:00 GMT","Cache-Control: no-store, no-cache, must-revalidate","Pragma: no-cache"]
2025-10-22 15:48:46 TOKEN_INIT | ip=::1 | session=35cd4b7288343c3f6316 | have_cookie=1 | headers=["X-Powered-By: PHP\/8.2.12","Expires: Thu, 19 Nov 1981 08:52:00 GMT","Cache-Control: no-store, no-cache, must-revalidate","Pragma: no-cache"]
2025-10-22 15:49:00 TOKEN_INIT | ip=::1 | session=35cd4b7288343c3f6316 | have_cookie=1 | headers=["X-Powered-By: PHP\/8.2.12","Expires: Thu, 19 Nov 1981 08:52:00 GMT","Cache-Control: no-store, no-cache, must-revalidate","Pragma: no-cache"]
2025-10-22 15:52:42 TOKEN_INIT | ip=::1 | session=35cd4b7288343c3f6316 | have_cookie=1 | headers=["X-Powered-By: PHP\/8.2.12","Expires: Thu, 19 Nov 1981 08:52:00 GMT","Cache-Control: no-store, no-cache, must-revalidate","Pragma: no-cache"]
2025-10-23 00:08:34 TOKEN_INIT | ip=::1 | session=df2d748dbe4ee959747a | have_cookie=0 | headers=["X-Powered-By: PHP\/8.2.12","Expires: Thu, 19 Nov 1981 08:52:00 GMT","Cache-Control: no-store, no-cache, must-revalidate","Pragma: no-cache","Set-Cookie: csrf_add_staff=df2d748dbe4ee959747a3f7a8cd549
2025-10-23 00:12:02 TOKEN_INIT | ip=::1 | session=df2d748dbe4ee959747a | have_cookie=1 | headers=["X-Powered-By: PHP\/8.2.12","Expires: Thu, 19 Nov 1981 08:52:00 GMT","Cache-Control: no-store, no-cache, must-revalidate","Pragma: no-cache"]
2025-10-23 00:17:25 TOKEN_INIT | ip=::1 | session=df2d748dbe4ee959747a | have_cookie=1 | headers=["X-Powered-By: PHP\/8.2.12","Expires: Thu, 19 Nov 1981 08:52:00 GMT","Cache-Control: no-store, no-cache, must-revalidate","Pragma: no-cache"]
2025-10-23 00:24:59 TOKEN_INIT | ip=::1 | session=df2d748dbe4ee959747a | have_cookie=1 | headers=["X-Powered-By: PHP\/8.2.12","Expires: Thu, 19 Nov 1981 08:52:00 GMT","Cache-Control: no-store, no-cache, must-revalidate","Pragma: no-cache"]
2025-10-23 00:27:25 TOKEN_INIT | ip=::1 | session=df2d748dbe4ee959747a | have_cookie=1 | headers=["X-Powered-By: PHP\/8.2.12","Expires: Thu, 19 Nov 1981 08:52:00 GMT","Cache-Control: no-store, no-cache, must-revalidate","Pragma: no-cache"]
2025-10-23 00:28:28 TOKEN_INIT | ip=::1 | session=df2d748dbe4ee959747a | have_cookie=1 | headers=["X-Powered-By: PHP\/8.2.12","Expires: Thu, 19 Nov 1981 08:52:00 GMT","Cache-Control: no-store, no-cache, must-revalidate","Pragma: no-cache"]
